2024-07-12T13:46:57Z [rbdl] Build failure on arm64-osx --> https://github.com/microsoft/vcpkg/issues/39882 (autoantwort)
2024-07-12T13:19:29Z Improve Documentation --> https://github.com/C-Loftus/talon-ai-tools/issues/90 (C-Loftus)
2024-07-12T13:13:12Z Shader Effect broken at large sizes? --> https://github.com/dotnet/wpf/issues/9391 (petsuter)
2024-07-12T12:53:06Z [bug] Method overload resolution sometimes uses run-time parameter types --> https://github.com/colobot/colobot/issues/1688 (hexagonrecursion)
2024-07-12T12:43:44Z v1.1.0 CMake config leaks shared library dependencies into consumers --> https://github.com/AOMediaCodec/libavif/issues/2264 (jbeich)
2024-07-12T12:32:14Z Cross compilation not working on ARM64 machines --> https://github.com/dotnet/runtime/issues/104788 (eiriktsarpalis)
2024-07-12T11:30:09Z Wrong result when contextSize as value `Integer.MAX_VALUE` --> https://github.com/java-diff-utils/java-diff-utils/issues/190 (BellerSun)
2024-07-12T11:13:10Z Build error BuiltinTranslator.cpp:124: undefined reference to llvm::GenXIntrinsic::getGenXDeclaration --> https://github.com/intel/intel-graphics-compiler/issues/334 (th0ma7)
2024-07-12T10:24:36Z Endless re-compile in `spin watch` for Spin Apps that consist of multiple components --> https://github.com/fermyon/spin/issues/2637 (ThorstenHans)
2024-07-12T10:11:28Z Problem with SMTP + STARTTLS sending using libcurl 8.8.0 that did not exist in 8.7.1 --> https://github.com/curl/curl/issues/14166 (tomy2105)
2024-07-12T10:02:40Z Can't link to MSVC built abseil with clang/LLVM --> https://github.com/abseil/abseil-cpp/issues/1712 (kotten73)
2024-07-12T09:49:51Z Compilation failure on MacOS --> https://github.com/mc-imperial/dredd/issues/275 (afd)
2024-07-12T09:46:30Z SolveXcts with debug symbols has high memory usage during compilation --> https://github.com/sxs-collaboration/spectre/issues/6150 (macedo22)
2024-07-12T09:42:29Z [24.2] graal/master fails to build quarkus applications with JDK 24+6 --> https://github.com/graalvm/mandrel/issues/767 (jerboaa)
2024-07-12T08:48:37Z SeriesBuilder missing generics parameter --> https://github.com/appreciated/apexcharts-flow/issues/185 (Bethibande)
2024-07-12T08:36:09Z Warning when compiling with GCC 14 --> https://github.com/eyalz800/zpp_bits/issues/169 (dns13)
2024-07-12T08:26:27Z [question] Protobuf build module for `protoc` compiler not generated and cannot be consumed by grpc. --> https://github.com/conan-io/conan/issues/16656 (germandiagogomez)
2024-07-12T08:26:24Z Can't compile static --> https://github.com/LaurentMazare/tch-rs/issues/877 (Adrian8115)
2024-07-12T08:15:24Z WCAG 2.2 violations --> https://github.com/deepayan/r-refmans/issues/3 (eliocamp)
2024-07-12T07:54:45Z static compile error --> https://github.com/podofo/podofo/issues/182 (jmu201621143028)
2024-07-12T07:33:02Z Rust-analyzer: Failed to load workspace. --> https://github.com/rust-lang/rust-analyzer/issues/17583 (Ninephoenix9)
2024-07-12T07:26:30Z ICE: `assertion failed: layout.is_sized()` with `feature(associated_const_equality)` --> https://github.com/rust-lang/rust/issues/127643 (Naserume)
2024-07-12T07:12:12Z Modbus TCP Master Example crashes (IDFGH-13235) --> https://github.com/espressif/esp-idf/issues/14170 (tomlinyama)
2024-07-12T07:10:38Z cgen error, when example is compiled with -autofree --> https://github.com/vlang/v/issues/21849 (spytheman)
2024-07-12T07:05:04Z ðŸ› [Bug] Module using slice-based ops fails at inference time when compiled with dynamo and dynamic batch size --> https://github.com/pytorch/TensorRT/issues/3004 (cpjenkins)
2024-07-12T07:00:15Z Incorrect report of `Signature '(): false' must be a type predicate` since TS 5.5 --> https://github.com/microsoft/TypeScript/issues/59252 (KnorpelSenf)
2024-07-12T06:56:30Z 'openssl/engine.h' not found on RHEL10 --> https://github.com/dotnet/runtime/issues/104775 (tmds)
2024-07-12T06:33:19Z Lost connections while scaling --> https://github.com/l7mp/stunner/issues/151 (caffeinism)
2024-07-12T06:23:54Z can't build freenet-microblogging: ERROR freenet_stdlib::client_api::regular: request handler error error=ChannelClosed --> https://github.com/freenet/freenet-core/issues/1155 (bbigras)
2024-07-12T05:29:39Z i can't build it about Spalog, need help~ --> https://github.com/gabime/spdlog/issues/3133 (lsm1997)
2024-07-12T05:03:47Z Make igv.js work with TypeScript: Add TypeScript API description --> https://github.com/igvteam/igv.js/issues/1846 (eternal-flame-AD)
2024-07-12T04:06:08Z Cannot build using CMake + gcc 14 on Fedora Linux --> https://github.com/cataclysmbnteam/Cataclysm-BN/issues/4978 (RobbieNeko)
2024-07-12T03:14:37Z Can't use bluetoothctl  for advertise on  funtionï¼ŒBluetooth broadcast packet setting failed. --> https://github.com/espressif/esp-hosted/issues/428 (244219195)
2024-07-12T03:14:20Z So close but can't seem to get codesign working. --> https://github.com/johnno1962/InjectionIII/issues/511 (mxi)
2024-07-12T02:53:40Z problem with tensorrt_llm performance --> https://github.com/NVIDIA/TensorRT-LLM/issues/1938 (Arnold1)
2024-07-12T02:45:59Z bug: fails to compile on win11 due to 'static_assert' is undefined --> https://github.com/tree-sitter/tree-sitter-cpp/issues/275 (Parad0x84)
2024-07-12T02:33:25Z stupid constexpr tricks --> https://github.com/lefticus/cpp_weekly/issues/399 (lefticus)
2024-07-12T02:04:27Z Compiling on Rocky 9 --> https://github.com/OpenAssetIO/OpenAssetIO/issues/1350 (skarone)
2024-07-12T01:39:58Z [è¯‘] Linux ç³»ç»Ÿè°ƒç”¨æƒå¨æŒ‡å—2016 --> https://github.com/guevara/read-it-later/issues/11636 (guevara)
2024-07-12T01:05:15Z error: An unhandled exception was thrown by the Error Prone static analysis plugin. --> https://github.com/erroraway/sonar-erroraway-plugin/issues/45 (lzh-0330)
2024-07-12T01:01:02Z Performance analysis on `aws-sdk-ec2` --> https://github.com/rust-lang/rust/issues/127634 (joshtriplett)
2024-07-12T00:23:42Z Memory free/access errors with concurrent independent dataframes. --> https://github.com/hosseinmoein/DataFrame/issues/312 (mdumitrean)
2024-07-11T23:19:10Z O3DE Stabilization/2409 Branch Compile Errors --> https://github.com/PopcornFX/O3DEPopcornFXPlugin/issues/76 (AMZN-Gene)
2024-07-11T23:13:13Z @MainActor closure from a consuming parameter stored in an array and then called or destroyed causes EXC_BAD_ACCESS --> https://github.com/swiftlang/swift/issues/75188 (Helam24)
2024-07-11T23:12:53Z Build and install Ocean failing due to missing dependencies (MacOS) --> https://github.com/facebookresearch/ocean/issues/15 (pawarmanasi07)
2024-07-11T22:57:24Z Flameshot-git tray icon consistently not showing on start  --> https://github.com/scorpion-26/gBar/issues/104 (crimsonduelist)
2024-07-11T22:28:02Z mcrouter rpm on amazon linux 2023 --> https://github.com/facebook/mcrouter/issues/448 (vj0303)
2024-07-11T21:54:43Z Debug Assert error in MethodToStateMachineRewriter --> https://github.com/dotnet/roslyn/issues/74362 (bernd5)
2024-07-11T21:42:09Z [DependencyProperty] GetValue/SetValue DP property reference doesn't exist Code Fixer --> https://github.com/michael-hawker/WindowsAnalyzers/issues/3 (michael-hawker)
2024-07-11T21:38:04Z Failed to compile examples of FabGL --> https://github.com/fdivitto/FabGL/issues/388 (FernandoRoxo)
2024-07-11T21:29:55Z End-to-end support for reusable indirect command buffers. --> https://github.com/iree-org/iree/issues/17875 (benvanik)
2024-07-11T21:05:54Z [Bug]: Netdata v4.46.2 fails to build on FreeBSD 14.1 amd64 --> https://github.com/netdata/netdata/issues/18120 (mrdaemon)
2024-07-11T20:58:42Z Rewrite postgres querybuilder w/ Slonik --> https://github.com/videre-project/monorepo/issues/2 (Qonfused)
2024-07-11T20:47:09Z Per-task skipCheckerFramework option doesn't work --> https://github.com/kelloggm/checkerframework-gradle-plugin/issues/281 (tmarback)
2024-07-11T19:16:19Z [ðŸ› Bug]: npx @cloudflare/next-on-pages results in unexpected error --> https://github.com/cloudflare/next-on-pages/issues/827 (NBandNB)
2024-07-11T19:02:27Z Bugs in ExtendedCommand.removeQuotation cause possible StringIndexOutOfBoundsException --> https://github.com/xerial/sqlite-jdbc/issues/1141 (arthurscchan)
2024-07-11T18:33:10Z nbm-maven-plugin doesn't manage specification version in the same way than Netbeans for OSGi dependencies --> https://github.com/apache/netbeans-mavenutils-nbm-maven-plugin/issues/178 (YannLeCorse)
2024-07-11T18:25:25Z test integration_test ... FAILED with "ld Invalid ELF section index" --> https://github.com/davidlattimore/wild/issues/17 (marxin)
2024-07-11T18:03:14Z Possible NumberFormatException thrown from JSONTokener --> https://github.com/jettison-json/jettison/issues/96 (arthurscchan)
2024-07-11T17:49:16Z `smartstring` has a less permissive license than `rhai`; consider another crate --> https://github.com/rhaiscript/rhai/issues/897 (BatmanAoD)
2024-07-11T17:29:43Z Compiling v7.2.0 failed : adjust Makefile (solved) --> https://github.com/Vast342/Clarity/issues/109 (tissatussa)
2024-07-11T17:22:58Z error: building upb:x64-windows failed with: BUILD_FAILED --> https://github.com/microsoft/vcpkg/issues/39868 (dmarsal)
2024-07-11T17:05:42Z Cutter Unable to load function name from a static, non-striped library --> https://github.com/rizinorg/cutter/issues/3362 (Chapoly1305)
2024-07-11T17:00:41Z Possible ConcurrentModificationException in jakarta.mail.internet.ParameterList --> https://github.com/jakartaee/mail-api/issues/734 (arthurscchan)
2024-07-11T16:55:25Z Baked data is big and slow for finely sliced data markers --> https://github.com/unicode-org/icu4x/issues/5230 (sffc)
2024-07-11T16:51:43Z BUG: Failed to build from source --> https://github.com/numpy/numpy/issues/26910 (n-bes)
2024-07-11T16:50:25Z [google-cloud-cpp] Build error on arm64-osx --> https://github.com/microsoft/vcpkg/issues/39865 (jacobsallan)
2024-07-11T16:43:40Z Add support for Wasm components in wasm-opt --> https://github.com/WebAssembly/binaryen/issues/6728 (mh4ck-Thales)
2024-07-11T16:36:13Z Kernel 6.9.8 trace_event_raw_event_zfs_dbuf_class function error, against ZFS HEAD, on kernel build --> https://github.com/openzfs/zfs/issues/16342 (thehaven)
2024-07-11T16:27:04Z ILC: missing warning for DAM on type when used through derived type --> https://github.com/dotnet/runtime/issues/104740 (sbomer)
2024-07-11T16:18:59Z Systemd Unit Fails to Read Config --> https://github.com/jkroepke/openvpn-auth-oauth2/issues/283 (Grissess)
2024-07-11T16:18:38Z [libigl] Build failure on arm64-osx --> https://github.com/microsoft/vcpkg/issues/39864 (autoantwort)
2024-07-11T16:15:26Z CUDA out of memory while plenty of memory left --> https://github.com/ultralytics/ultralytics/issues/14367 (deKeijzer)
2024-07-11T15:56:08Z Issue with reactor.util.context.ContextView when Using Microsoft Graph SDK 6.13 With Payara Server --> https://github.com/microsoftgraph/msgraph-sdk-java/issues/2079 (Abneco)
2024-07-11T15:40:58Z tcp-request connection track-sc<> rules not working in named defaults (http) --> https://github.com/haproxy/haproxy/issues/2637 (amsnek)
2024-07-11T15:27:17Z API Proposal: SqlJson class design to support JSON datatype --> https://github.com/dotnet/SqlClient/issues/2665 (apoorvdeshmukh)
2024-07-11T15:23:36Z [BUG] RavEngine fails to build with vs 2022 --> https://github.com/RavEngine/RavEngine/issues/26 (brightening-eyes)
2024-07-11T14:43:48Z coin fails to build on MacOS Montery v12.7.5 --> https://github.com/magic-lantern-studio/coin/issues/2 (WizzerWorks)
2024-07-11T14:36:01Z Compatibility with conan 2.x --> https://github.com/jericks/ShapefileCpp/issues/2 (sebastien-rosset)
2024-07-11T14:34:02Z 7 tests fail on aarch64 when building for Fedora 39, 40 and rawhide --> https://github.com/awslabs/aws-c-http/issues/473 (wombelix)
2024-07-11T14:29:54Z dotnet sln add: doesn't add MAUI project for Deploy  --> https://github.com/dotnet/sdk/issues/42108 (lambdageek)
2024-07-11T14:27:30Z FRR installation issue. Not able to detect Libyang --> https://github.com/FRRouting/frr/issues/16366 (sachinshet1994)
2024-07-11T14:16:48Z Docker build failing (`no member named 'elsize' in '_PyArray_Descr'`) --> https://github.com/ika-rwth-aachen/carla-simulator/issues/5 (muety)
2024-07-11T13:25:54Z "frame variable config" of lldb can't display any thing after build with "./ci/do_ci.sh debug.server_only" --> https://github.com/envoyproxy/envoy/issues/35153 (coolg92003)
2024-07-11T13:23:01Z Build fails when fckit is used for configuration --> https://github.com/ecmwf-ifs/field_api/issues/55 (pmarguinaud)
2024-07-11T12:45:12Z Local to global resource mapping when accessing through an array --> https://github.com/microsoft/hlsl-specs/issues/275 (shaderdev)
2024-07-11T12:44:29Z Compilation Error: bigint_repr() is private within this context --> https://github.com/scipr-lab/libff/issues/111 (mtbadakhshan)
2024-07-11T12:16:23Z OpenSSL SSL_connect: SSL_ERROR_SYSCALL in connection --> https://github.com/curl/curl/issues/14154 (rubensa)
2024-07-11T11:59:28Z not usefull const in stm32g0xx_ll_dma.h --> https://github.com/STMicroelectronics/STM32CubeG0/issues/51 (RetoFx)
2024-07-11T11:55:18Z [è¯‘] 400 è¡Œ C ä»£ç å®žçŽ°ä¸€ä¸ªè™šæ‹Ÿæœº2018 --> https://github.com/guevara/read-it-later/issues/11624 (guevara)
2024-07-11T11:50:44Z [è¯‘] C ä¸æ˜¯ä¸€é—¨ä½Žå±‚low-levelè¯­è¨€acmqueue 2018 --> https://github.com/guevara/read-it-later/issues/11622 (guevara)
2024-07-11T11:47:09Z extremely high suspended procs force proc array reallocation --> https://github.com/willox/auxtools/issues/87 (checkraisefold)
2024-07-11T11:29:04Z Error while importing socket python module --> https://github.com/vim/vim/issues/15214 (abdelmaged)
2024-07-11T11:24:09Z [Bug]: EnginePluginDemo_VST3 fails to compile --> https://github.com/Tracktion/tracktion_engine/issues/211 (JelleBakker)
2024-07-11T11:19:19Z [Bug]: netdata agent on windows can no longer start as a service --> https://github.com/netdata/netdata/issues/18111 (StefanSa)
2024-07-11T11:17:26Z å…³äºŽtrustedflowå¼€å‘è€…æ–°æ·»åŠ ç»„ä»¶æ—¶ï¼Œæž„å»ºTeeappsé•œåƒå¤±è´¥çš„é—®é¢˜ --> https://github.com/secretflow/teeapps/issues/25 (Lucas-16)
2024-07-11T11:10:48Z #11103 Break multiline parenthesized logical expressions --> https://github.com/prettier/prettier-regression-testing/issues/444 (fisker)
2024-07-11T11:05:13Z Everything is logged as "error" on syslog --> https://github.com/searxng/searxng/issues/3649 (inetol)
2024-07-11T10:48:21Z [llvm] Build failure on arm64-osx --> https://github.com/microsoft/vcpkg/issues/39857 (autoantwort)
2024-07-11T10:46:00Z Switch Abstract<Null<Int>> generation differ from Null<Int> --> https://github.com/HaxeFoundation/haxe/issues/11715 (yuxiaomao)
2024-07-07T20:27:35Z Will the build script ever be fixed? --> https://github.com/jmpews/Dobby/issues/270 (slxdy)
2024-07-07T20:16:23Z Add typescript support for ui instead of javascript --> https://github.com/FlowiseAI/Flowise/issues/2770 (kapoorp99)
2024-07-07T19:42:00Z [NewErrors] 5.6.0-dev.20240707 vs 5.5.3 --> https://github.com/microsoft/TypeScript/issues/59165 (typescript-bot)
2024-07-07T19:29:25Z Svelte 5: unable to name a variable with the "same name" as a rune --> https://github.com/sveltejs/svelte/issues/12328 (WarningImHack3r)
2024-07-07T19:29:01Z Unable to execute command for SwipeItem with screen reader on Android --> https://github.com/dotnet/maui/issues/23478 (towebo)
2024-07-07T19:28:09Z F# program fails with an unprintable exception when `FSharp.Core` is not referenced. --> https://github.com/dotnet/runtime/issues/104528 (teo-tsirpanis)
2024-07-07T18:54:30Z [openssl] Build error on x64-windows --> https://github.com/microsoft/vcpkg/issues/39746 (liwei1024)
2024-07-07T18:09:53Z Spring UserReport [105.1.1-2511-g747f18b] Externally launched spring crashed with code 0 --> https://github.com/ZeroK-RTS/CrashReports/issues/111072 (Chobbyla)
2024-07-07T17:35:08Z tensorflow not getting cuda drivers --> https://github.com/tensorflow/tensorflow/issues/70960 (a-sajjad72)
2024-07-07T17:30:50Z Spring UserReport [105.1.1-2511-g747f18b] Externally launched spring crashed with code 0 --> https://github.com/ZeroK-RTS/CrashReports/issues/111068 (Chobbyla)
2024-07-07T17:06:08Z `opam switch create` with `static` option fails on Ubuntu aarch64 --> https://github.com/ocaml/opam-repository/issues/26216 (cknitt)
2024-07-07T16:31:38Z Statically defining queries --> https://github.com/LucasOCastro/ECSLib/issues/9 (LucasOCastro)
2024-07-07T16:25:34Z GOAL: pleasant to use as part of a compiler's testsuite --> https://github.com/Gankra/abi-cafe/issues/60 (Gankra)
2024-07-07T16:13:56Z [build error?] error: vcpkg was unable to detect the active compiler's information. See above for the CMake failure output --> https://github.com/microsoft/vcpkg/issues/39744 (Biswajeetmohanty)
2024-07-07T16:02:40Z BLE with multiple periperals (OSError: [Errno 107] ENOTCONN) --> https://github.com/micropython/micropython/issues/15420 (BaseCrusher)
2024-07-07T15:49:42Z Compiling with NOHQ is broken --> https://github.com/gonetz/GLideN64/issues/2855 (Morilli)
2024-07-07T15:45:21Z Almost all Spring Annotations (powered by ChatGPT) --> https://github.com/jskim7018/jskim7018.github.io/issues/7 (jskim7018)
2024-07-07T15:21:50Z `mdspan` parentheses vs bracket operator --> https://github.com/FEniCS/basix/issues/842 (schnellerhase)
2024-07-07T15:13:28Z esp32S3 tflite-microcontroller doesn't support SHAPE (ä¸æ”¯æŒSHAPEç®—å­) (TFMIC-31) --> https://github.com/espressif/esp-tflite-micro/issues/88 (Criminal-9527)
2024-07-07T15:03:27Z Export encountered errors on following paths: 	/page: / --> https://github.com/reblox01/wmorocco/issues/1 (reblox01)
2024-07-07T15:00:36Z Solve musl and glibc compatibility issues --> https://github.com/async-profiler/async-profiler/issues/952 (apangin)
2024-07-07T14:56:41Z use vcpkg install absl dll lib link error --> https://github.com/abseil/abseil-cpp/issues/1705 (chengfang0911)
2024-07-07T14:52:33Z Terminal Automatically closed after execute the command --> https://github.com/spring-projects/spring-shell/issues/1099 (SubhamKrGuptaDev)
2024-07-07T14:48:06Z An error occurred while using initialization --> https://github.com/jetzig-framework/jetzig/issues/91 (xzlinux)
2024-07-07T14:45:30Z Can't build on Windows 10 (MSVC) if wxwidgets installed by vcpkg --> https://github.com/gammasoft71/Examples_wxWidgets/issues/19 (slavroman)
2024-07-07T14:22:41Z ICE on lambda with explicit return type of another lambda --> https://github.com/llvm/llvm-project/issues/97953 (Fedr)
2024-07-07T14:08:31Z show reason why bound is nessesary --> https://github.com/rust-lang/rust/issues/127458 (lenscas)
2024-07-07T13:14:16Z Problem with LibraryImport Generated Code --> https://github.com/dotnet/runtime/issues/104567 (MrVarens)
2024-07-07T13:00:43Z MacOS only: Preferences.exportSubtree()/childrenNames() always kills process with "Fatal error reported via JNI: JVM_ArrayCopy called:  Unimplemented" --> https://github.com/oracle/graal/issues/9261 (credmond)
2024-07-07T09:25:52Z Fails to build with mingw-w64-gcc --> https://github.com/apache/logging-log4cxx/issues/388 (MehdiChinoune)
2024-07-07T09:07:34Z Does not build on Node 20 --> https://github.com/CloneableApp/Cloneable/issues/5 (ZenulAbidin)
2024-07-07T09:01:38Z Failed to Load CMake Project in CLion on M1 MacBook Air Using Bear and Generated CMakeLists --> https://github.com/mastermakrela/kernel-dev/issues/1 (wuxiaoqiang12)
2024-07-07T08:31:34Z Help in assembling for platform --> https://github.com/priseborough/InertialNav/issues/46 (brightproject)
2024-07-07T08:06:36Z how to set -internal-isystem  and  -internal-externc-isystem in feature passed to cc_common.create_cc_toolchain_config_info --> https://github.com/bazelbuild/bazel/issues/22962 (xiedeacc)
2024-07-07T07:16:15Z v60 build for linux? --> https://github.com/fcorbelli/zpaqfranz/issues/113 (KweezyCode)
2024-07-07T06:39:58Z error in cmd --> https://github.com/ultralytics/yolov5/issues/13172 (mojtabat96)
2024-07-07T05:42:26Z GCC 13 memcpy warning in can_message.hpp --> https://github.com/modm-io/modm/issues/1180 (calebchalmers)
2024-07-07T05:26:26Z Similar issue as #320 --> https://github.com/pulp-platform/ara/issues/321 (Syedateeb24)
2024-07-07T04:00:26Z Can't get mkxp to work --> https://github.com/dokoma/kiwi/issues/1 (Loplaus555)
2024-07-07T02:28:01Z CMAKE issue IMPORTED_LOCATION not set --> https://github.com/uoip/pangolin/issues/51 (Blockheadsuper)
2024-07-07T01:59:55Z Unable to create PineconeEmbeddingStore --> https://github.com/langchain4j/langchain4j/issues/1418 (rlbns)
2024-07-07T01:58:37Z Naked generic type returned from iterator method --> https://github.com/microsoft/TypeScript/issues/59161 (reverofevil)
2024-07-07T01:34:25Z Build Issue in regards to Clock.cpp --> https://github.com/crumblingstatue/mpv-egui-musicplayer/issues/1 (gulfalaska)
2024-07-06T23:34:40Z rustc suggests removing all trait bounds leaving stray `impl` --> https://github.com/rust-lang/rust/issues/127441 (matthiaskrgr)
2024-07-06T22:25:45Z [MLIR] [Pass] [Dialect] [New Feature]Add  PassHelper Dialect and new feature for driver that enable dynamically passes order control --> https://github.com/llvm/llvm-project/issues/97916 (mingzheTerapines)
2024-07-06T22:23:15Z Add anonymous classes to GDScript --> https://github.com/godotengine/godot-proposals/issues/10132 (gunbuilderguy)
2024-07-06T22:21:44Z Adding Phantom 4 Pro --> https://github.com/RosettaDrone/rosettadrone/issues/214 (angel-ayala)
2024-07-06T21:52:18Z diffusers backend does not load in hiplas docker image (torchvision:nms does not exist) --> https://github.com/mudler/LocalAI/issues/2737 (jbash)
2024-07-06T21:05:04Z Cmake cannot find Visual Studio under the MSVC cross image --> https://github.com/cross-rs/cross-toolchains/issues/60 (AregevDev)
2024-07-06T20:46:00Z [C++] 'boost/numeric/conversion/cast.hpp': No such file or directory --> https://github.com/apache/arrow/issues/43167 (kabicm)
2024-07-06T20:43:13Z Treat annotations as whitespace for GDScript syntax rules --> https://github.com/godotengine/godot-proposals/issues/10131 (krdluzni)
2024-07-06T20:09:20Z Got it working on MacBook (MPS) --> https://github.com/kijai/ComfyUI-LivePortraitKJ/issues/33 (Grant-CP)
2024-07-06T19:51:12Z ssl::stream::async_handshake when used with use_awaitable has Null dereference. --> https://github.com/chriskohlhoff/asio/issues/1506 (phelter)
2024-07-06T19:21:00Z Not enough memory resources --> https://github.com/prometheus/prometheus/issues/14428 (Akinnagbe)
2024-07-06T19:12:50Z Avoid boxing ArgumentNullException.ThrowIfNull arguments in Tier-0 --> https://github.com/dotnet/runtime/issues/104512 (jkotas)
2024-07-06T18:53:28Z Failure for autojacvec=EnzymeVJP() for ODEProblem  --> https://github.com/EnzymeAD/Enzyme.jl/issues/1617 (m-bossart)
2024-07-06T17:54:28Z Protocol tests intermittently fail to compile --> https://github.com/awslabs/aws-sdk-swift/issues/1612 (jbelkins)
2024-07-06T17:31:56Z buffer overflow --> https://github.com/rafaelferrari0/rtl_fm_player/issues/2 (squigley)
2024-07-06T17:30:35Z `SpecifyShape` should eagerly raise an error when static shapes disagree --> https://github.com/pymc-devs/pytensor/issues/892 (jessegrabowski)
2024-07-06T16:41:09Z [MEJ-010] í•¨ìˆ˜í˜• ì¸í„°íŽ˜ì´ìŠ¤ ë‹¤ì¤‘ì •ì˜ ë¬¸ì œ ë³´ì¶© íƒêµ¬ --> https://github.com/glenn-syj/more-effective-java/issues/186 (FickleBoBo)
2024-07-06T16:24:14Z Is it possible to support cosmopolitan? --> https://github.com/tidwall/neco/issues/18 (fonghou)
2024-07-06T16:17:29Z The language server crashed. Restarting... error when opening a .cpp file --> https://github.com/microsoft/vscode-cpptools/issues/12450 (adam-fj)
2024-07-06T15:43:28Z [cppcoro] Build error on x64-linux --> https://github.com/microsoft/vcpkg/issues/39733 (tmoonlight)
2024-07-06T15:04:26Z [vulkan-loader] Build error on arm64-linux --> https://github.com/microsoft/vcpkg/issues/39731 (nanai10a)
2024-07-06T14:54:05Z Only the first signature action after power-on can be successfully executed --> https://github.com/polhenarejos/pico-openpgp/issues/16 (imkuang)
2024-07-06T14:18:32Z Installation issue: py-matplotlib --> https://github.com/spack/spack/issues/45074 (adamjstewart)
2024-07-06T14:13:54Z USB camera not initializating on start, needs physical removal and plug in - 0bda:5841 Realtek Semiconductor Corp  --> https://github.com/raspberrypi/linux/issues/6255 (nvtkaszpir)
2024-07-06T13:46:58Z An error occurred in the backend when compiling CUDA code with clang18 --> https://github.com/llvm/llvm-project/issues/97898 (yanan-sjh)
2024-07-06T13:35:04Z ICE: `assertion failed: matches!(owner, hir::MaybeOwner::Phantom)` --> https://github.com/rust-lang/rust/issues/127424 (matthiaskrgr)
2024-07-06T13:11:27Z synctex_parser.c:8448:13: error: implicit declaration of function 'vasprintf' --> https://github.com/vedang/pdf-tools/issues/286 (Beakcraft)
2024-07-06T13:05:26Z [C++] How to fix error in arrow-s3fs-test Test --> https://github.com/apache/arrow/issues/43164 (llama90)
2024-07-06T12:51:35Z bug: Pydantic dataclasses with extra args break parsing of the function signature --> https://github.com/mkdocstrings/griffe/issues/303 (Vodes)
2024-07-06T12:13:08Z Java 8 interface `default` and `static` methods can't be called from Python on Android when minSdk < 24 --> https://github.com/chaquo/chaquopy/issues/1204 (mhsmith)
2024-07-06T11:05:45Z Unexpected template instantiation with extern template declaration --> https://github.com/llvm/llvm-project/issues/97888 (kamrann)
2024-07-06T10:10:02Z [Bug]: MQTT on "Portduino / Linux" Connection Cycles --> https://github.com/meshtastic/firmware/issues/4240 (blu006)
2024-07-06T09:59:28Z With compiling with gcc >= 11.1 for C++20, constraint depending on itself when checking for member begin on constant ref_view around boost range --> https://github.com/ericniebler/range-v3/issues/1823 (Aster89)
2024-07-06T09:36:24Z Can not link statically to libblkid.a --> https://github.com/koverstreet/bcachefs-tools/issues/311 (Nanderty)
2024-07-06T09:19:45Z Issue with LEAP Library Support on MacOS --> https://github.com/LLNL/LEAP/issues/71 (lc82111)
2024-07-06T08:43:01Z Failed to execute Ideal Dispatcher mode --> https://github.com/pulp-platform/ara/issues/320 (Vinay0203)
2024-07-06T08:19:08Z [Clang] `if constexpr` inside variable template of generic lambda leads to assertion error or invalid instantiations --> https://github.com/llvm/llvm-project/issues/97881 (MitalAshok)
2024-07-06T08:00:27Z Can not install dxfeed --> https://github.com/dxFeed/dxfeed-python-api-web-widget-example/issues/8 (Mahmoud-Elbahnasawy)
2024-07-06T07:29:33Z IFUNC symbol wcslen creates circular dependency  --> https://github.com/cloudius-systems/osv/issues/1326 (Martin-Lndbl)
2024-07-06T02:39:02Z Build error when using mapped drive (Windows) --> https://github.com/vercel/next.js/issues/67508 (DiskCrasher)
2024-07-05T23:26:27Z Cross built ILCompiler NuGet contains HostOS (Linux) ELFs not TargetOS (FreeBSD) ELFs --> https://github.com/dotnet/runtime/issues/104497 (Thefrank)
2024-07-05T23:01:28Z [Cuda] Fails to build anything with error: __float128 is not supported on this target --> https://github.com/llvm/llvm-project/issues/97866 (russeree)
2024-07-05T23:00:53Z Bond Broken playing bag files Orin Nano Ubuntu 20.04 --> https://github.com/ouster-lidar/ouster-ros/issues/343 (Rotoslider)
2024-07-05T22:31:20Z update to FFXIV patch 7.o --> https://github.com/attickdoor/XIVComboPlugin/issues/293 (chase692)
2024-07-05T22:17:07Z Fortunate Misunderstandings" Quest Completion Bug in Sholazar Basin --> https://github.com/azerothcore/azerothcore-wotlk/issues/19295 (kambire)
2024-07-05T22:09:11Z http-server-close and httpclose has no effect on HAProxy as forward proxy --> https://github.com/haproxy/haproxy/issues/2632 (victornor)
2024-07-05T22:02:24Z Mixed up dynamic and static libjuice dependencies --> https://github.com/paullouisageneau/libdatachannel/issues/1225 (agnickolov)
2024-07-05T21:16:25Z Reordered LLVM-IR bbs causing `FileCheck` failures on `aarch64-unknown-none` --> https://github.com/rust-lang/rust/issues/127395 (pvdrz)
2024-07-05T20:58:32Z [Impeller] Wire up Angle with playgrounds on all platforms. --> https://github.com/flutter/flutter/issues/151353 (chinmaygarde)
2024-07-05T20:20:47Z Cross compiling with static linking fails on first compile due to Cmake configuration errors --> https://github.com/aldanor/hdf5-rust/issues/290 (CramBL)
2024-07-05T19:07:52Z Error when creating scarlet2 frame --> https://github.com/pmelchior/scarlet2/issues/70 (eramey16)
2024-07-05T19:04:11Z Enzyme C++ sugar for vector input/outputs --> https://github.com/EnzymeAD/Enzyme/issues/1964 (ipcamit)
2024-07-05T18:10:27Z Out of memory (or invalid) with small matrix --> https://github.com/DrTimothyAldenDavis/SuiteSparse/issues/850 (kmfrick)
2024-07-05T17:28:31Z Error with running a blank MAUI project --> https://github.com/dotnet/maui/issues/23460 (Kryst0fHaven)
2024-07-05T17:20:54Z Ariane core test is still broken --> https://github.com/chipsalliance/sv-tests/issues/5807 (MikePopoloski)
2024-07-05T17:19:45Z [BUG]: s3 error at startup loses all compilers --> https://github.com/compiler-explorer/compiler-explorer/issues/6689 (mattgodbolt)
2024-07-05T13:31:55Z Downgrade tsconfig target version until ES2020 --> https://github.com/mike-lischke/antlr4-c3/issues/131 (viladimiru)
2024-07-05T13:25:06Z Request: please add the appimage to releases. --> https://github.com/linux-nvme/nvme-cli/issues/2398 (Samueru-sama)
2024-07-05T13:21:28Z SPM setup for rust library --> https://github.com/chinedufn/swift-bridge/issues/280 (qiweiii)
2024-07-05T13:16:15Z error when compiling iDyntree --> https://github.com/robotology/robotology-superbuild/issues/1668 (LoreMoretti)
2024-07-05T13:05:58Z Step function creation errors when using specific IAM roles within steps --> https://github.com/getmoto/moto/issues/7826 (mik3h0)
2024-07-05T13:02:56Z 'Scores' failure at `dart pub get` not reproducible locally --> https://github.com/dart-lang/pub-dev/issues/7855 (eernstg)
2024-07-05T12:57:20Z Compilation error on kernel 4.18 --> https://github.com/Open-CAS/open-cas-linux/issues/1472 (katlapinka)
2024-07-05T12:27:15Z Support per-segment VQA score reporting --> https://github.com/cta-wave/common-media-client-data/issues/131 (wilaw)
2024-07-05T12:15:56Z Level 300: Swap back to your old codebase --> https://github.com/Migracode-Barcelona/JS3-Module-Project/issues/4 (SallyMcGrath)
2024-07-05T12:09:27Z Fail to buid inference trt_llm image : make: *** [Makefile:64: release_build] Error 1 --> https://github.com/NVIDIA/TensorRT-LLM/issues/1904 (dadaguai-jiangjun)
2024-07-05T12:08:09Z Android: Add support for adding arbitrary strings into Android.mk --> https://github.com/libgdx/gdx-jnigen/issues/72 (Berstanio)
2024-07-05T12:06:52Z Stenope doesn't generate pages for localized routes --> https://github.com/StenopePHP/Stenope/issues/187 (Alexandre-Fernandez)
2024-07-05T12:04:25Z [Bug]: nanolayer.installers.gh_release.resolvers.asset_resolver.AssetResolver.AssetResolverError: Too many matches found: ['trivy_0.53.0_Linux-64bit.tar.gz', 'trivy_0.53.0_Linux-ARM.tar.gz'] --> https://github.com/devcontainers-contrib/features/issues/620 (dvgitit)
2024-07-05T12:00:31Z How to avoid detecting parts of a target image? --> https://github.com/ultralytics/ultralytics/issues/14230 (AliBYetiser)
2024-07-05T11:55:50Z Several examples expose some internal files via static assets --> https://github.com/vercel/vercel/issues/11799 (telcy)
2024-07-05T11:46:11Z Install_local cp error on windows 10 --> https://github.com/r-lib/remotes/issues/800 (alberto-agudo-dominguez)
2024-07-05T11:44:18Z Building on musl fails to link against libanl when not using static linking (aka MUSL_OPTIMIZED_BUILD) --> https://github.com/falcosecurity/libs/issues/1948 (hhoffstaette)
2024-07-05T11:30:30Z How to access port permissions with privileges?  --> https://github.com/kata-containers/kata-containers/issues/9970 (Sabanic-P)
2024-07-05T11:22:20Z MUSL: Target x86_64_musl resolves incorrectly to x86_64-unknown-linux-gnu toolchain --> https://github.com/bazelbuild/rules_rust/issues/2726 (marvin-hansen)
2024-07-05T11:13:28Z xgboost 2.0.3 pip package clashes with grpc package --> https://github.com/dmlc/xgboost/issues/10553 (HennerM)
2024-07-05T11:00:10Z ðŸ› Static ARM build crashes on tally --> https://github.com/sedaprotocol/seda-chain/issues/298 (Thomasvdam)
2024-07-05T10:50:18Z Derived method 'TryCreateLogger' in type 'OpenTelemetry.Logs.LoggerProviderSdk' from assembly 'OpenTelemetry, Version=1.0.0.0, Culture=neutral, PublicKeyToken=7bd6737fe5b67e3c' cannot reduce access. --> https://github.com/open-telemetry/opentelemetry-dotnet/issues/5741 (ChuanGoing)
2024-07-05T10:27:31Z STM32H750B-dk fails sdram test provided by zephyr --> https://github.com/zephyrproject-rtos/zephyr/issues/75504 (MaazSk)
2024-07-05T10:24:42Z boost/simple_segregated_storage won't work (but I can't replicate the failure) --> https://github.com/emscripten-core/emscripten/issues/22192 (conversy)
2024-07-05T09:57:59Z Crash on iPad Air 2 --> https://github.com/google/filament/issues/7963 (xiamingwei-sudo)
2024-07-05T09:18:17Z [MSVC][x86] Failed to build with error C2488 'naked' can only be applied to non-member function definitions --> https://github.com/Croteam-official/Serious-Engine/issues/58 (NEIL-smtg)
2024-07-05T09:17:11Z How to get the highlighting tips of vscode extensions using runtime cdn --> https://github.com/unocss/unocss/issues/3958 (qiaozhu)
2024-07-05T09:14:02Z [Bug]: Compilation issue on Windows 2022 with Ninja and CMake --> https://github.com/abseil/abseil-cpp/issues/1701 (BotellaA)
2024-07-05T09:10:06Z Cards are not showing up in local tests. --> https://github.com/OfficeDev/teams-toolkit/issues/11966 (masamori0083)
2024-07-05T09:06:07Z Crash on Widnows 11 with exit code: 0xc0000005, STATUS_ACCESS_VIOLATION --> https://github.com/bevyengine/bevy/issues/14149 (eidloi)
2024-07-05T09:05:12Z @ modifier with future return inconsistent value for sum_over_time --> https://github.com/prometheus/prometheus/issues/14418 (Jzeemo)
2024-07-05T09:01:01Z hadoop3-2.2.22 and hadoop3-2.2.23 throws NoSuchMethodError at ServiceOptions.getService --> https://github.com/GoogleCloudDataproc/hadoop-connectors/issues/1206 (ebyhr)
2024-07-05T09:00:55Z A Visual Exploration of Random Neural Networks --> https://github.com/guevara/read-it-later/issues/11494 (guevara)
2024-07-05T08:50:17Z Make Vite plugin ask the resolver for the list of static assets and emit them one by one --> https://github.com/embroider-build/embroider/issues/2023 (BlueCutOfficial)
2024-07-05T08:48:32Z CouldNotFindUser --> https://github.com/vandadnp/mynotes-course/issues/13 (Nileshsri2022)
2024-07-05T08:42:07Z [MSVC][x86] Failed to build with error C2488 'naked' can only be applied to non-member function definitions --> https://github.com/electronicarts/EAStdC/issues/17 (NEIL-smtg)
2024-07-05T08:29:41Z Building sys crates with internal cc builder and bindgen --> https://github.com/esp-rs/esp-idf-sys/issues/321 (Nyrmburk)
2024-07-05T08:23:34Z è¿è¡Œç¼–è¯‘å‡ºæ¥çš„Csharpç¤ºä¾‹ä»£ç ./FastDeploy/examples/vision/ocr/PP-OCR/cpu-gpu/csharp/build/infer_demo.slnï¼Œå‡ºçŽ°æŽ¨ç†æŠ¥é”™é—ªé€€é—®é¢˜ --> https://github.com/PaddlePaddle/FastDeploy/issues/2486 (1wang11lijian1)
2024-07-05T08:17:26Z [Bug] xms_st.sub-Claim missing in access-token prevents calling MS Graph Userinfo --> https://github.com/AzureAD/microsoft-authentication-library-for-java/issues/835 (marbon87)
2024-07-05T08:15:54Z Can't build on OpenBSD 7.5 amd64 --> https://github.com/rmottola/Arctic-Fox/issues/208 (catap)
2024-07-05T08:07:21Z C shared or static library 'discord_game_sdk' not found --> https://github.com/V3L0C1T13S/rhythmbox-discord-rpc/issues/3 (f1refa11)
2024-07-05T08:04:38Z `build` variable in $service-worker module does not include web worker files --> https://github.com/sveltejs/kit/issues/12438 (MoonlightOffice)
2024-07-05T07:45:17Z Regression: TTL on IMap not working after MapStore load --> https://github.com/hazelcast/hazelcast/issues/26373 (lukasblu)
2024-07-05T07:40:36Z [BUG] Errors After Installing CyberPanel and LiteSpeed Enterprise on Ubuntu 22.04.4 LTS --> https://github.com/usmannasir/cyberpanel/issues/1282 (kostum123)
2024-07-05T07:37:02Z [clang64] [ffmpeg] configure: tesseract not found using pkg-config --> https://github.com/m-ab-s/media-autobuild_suite/issues/2731 (snowbie)
2024-07-05T07:24:53Z [riscv64-8u]riscv.ad:1689:12: error: â€˜const bool Matcher::convi2l_type_requiredâ€™ is not a static data member of â€˜class Matcherâ€™ --> https://github.com/sendaoYan/riscv-port-jdk8u-ysd/issues/29 (sendaoYan)
2024-07-05T07:24:45Z Execution failed for task ':react-native-firebase_analytics:generateDebugRFile'. --> https://github.com/invertase/react-native-firebase/issues/7876 (alepmustaqim03)
2024-07-05T06:59:24Z Flaky `01275_parallel_mv` --> https://github.com/ClickHouse/ClickHouse/issues/66116 (pamarcos)
2024-07-05T06:54:23Z [MSVC][x86] Failed to build with error C2488: 'naked' can only be applied to non-member function definitions --> https://github.com/dotnet/runtime/issues/104460 (NEIL-smtg)
2024-07-05T06:51:58Z [firebase_auth]: Cannot auth twitter from web --> https://github.com/firebase/flutterfire/issues/13044 (hatano0x06)
2024-07-05T06:51:24Z Crash: stacktrace_utils.dart in getCurrentStackTrace within sentry --> https://github.com/getsentry/sentry-dart/issues/2146 (flodaniel)
2024-07-05T06:43:49Z [at-spi2-core] Build error on arm64-linux --> https://github.com/microsoft/vcpkg/issues/39706 (Kiryuumaru)
2024-07-05T05:58:18Z xpack æ‰“åŒ…åº”ç”¨æ”¹è¿›ï¼Ÿ --> https://github.com/xmake-io/xmake/issues/5308 (Wzshun)
2024-07-05T05:40:39Z name of `TestGame` executable clashes with directory name under Linux --> https://github.com/oddStoneGames/MiniEngine/issues/1 (dlyongemallo)
2024-07-05T04:58:22Z erigon error --> https://github.com/bnb-chain/bsc-snapshots/issues/370 (testbugsec2022)
2024-07-05T04:57:35Z Build wasm based npm package --> https://github.com/zkmopro/mopro/issues/202 (vimwitch)
2024-07-05T04:54:13Z Not compiled --> https://github.com/winteris/ESPHome-singlecore-i2s-audio/issues/1 (udavst)
2024-07-05T04:51:52Z Abseil is broken on last hunter on freebsd --> https://github.com/cpp-pm/hunter/issues/755 (usser0134)
2024-07-05T04:36:26Z CI tests running in Browser for vscode.dev are failing --> https://github.com/microsoft/vscode-jupyter/issues/15825 (DonJayamanne)
2024-07-05T04:17:27Z multiz installation failed --> https://github.com/multiz/multiz/issues/9 (rubbyai)
2024-07-05T03:57:18Z Thumbnail track not attached as cover --> https://github.com/mifi/lossless-cut/issues/2062 (arthniwa)
2024-07-05T03:51:50Z App crashes with an output "Trace/Breakpoint Trap" on Linux when a P/Invoke callback is called from a native library if the dotnet debugger is attached. --> https://github.com/dotnet/runtime/issues/104459 (walterlv)
2024-07-05T03:34:13Z Build image from Containerfile will get stuck in the build --> https://github.com/containers/podman-desktop/issues/7956 (PunkFleet)
2024-07-05T03:23:33Z My language is not ["en", "zh"], how to map it? --> https://github.com/easyops-cn/docusaurus-search-local/issues/431 (xdkaka)
2024-07-05T03:11:14Z [dotnet-sdk-9.0.100-preview.7.24352.8] WPF apps launch failed with exception 'Value cannot be null. (Parameter 'key')' --> https://github.com/dotnet/wpf/issues/9353 (Junjun-zhao)
2024-07-05T02:45:32Z Fatal error condition occurred in /opt/vcpkg/buildtrees/aws-c-common/src/v0.9.10-492b35b91d.clean/source/allocator.c:172: allocator != ((void *)0) --> https://github.com/aws/aws-sdk-cpp/issues/3030 (westfly)
2024-07-05T02:30:01Z Blacklisting flickr images doesn't work --> https://github.com/Nachtzuster/BirdNET-Pi/issues/140 (AdaMacey)
2024-07-05T02:27:50Z The new shared library causes conflicts if more than 1 variant of llama-cpp-python is imported --> https://github.com/abetlen/llama-cpp-python/issues/1575 (oobabooga)
2024-07-05T02:27:00Z New submissions for Thursday, 4 July 2024 (showing 406 of 406 entries ) --> https://github.com/DongZhouGu/arxiv-daily/issues/807 (DongZhouGu)
2024-07-05T02:26:34Z Building `samples/custom_dispatch/cuda/kernels` failed with 'error: cannot find CUDA installation' --> https://github.com/iree-org/iree/issues/17815 (qzylalala)
2024-07-05T01:25:10Z build failure with Fedora 40 (gcc 14.1.1) --> https://github.com/OpenLightingProject/ola/issues/1966 (ktdreyer)
2024-07-05T01:16:45Z use SPlisHSPlasH on macos 14.3 (23D2057) with M3 chip --> https://github.com/InteractiveComputerGraphics/SPlisHSPlasH/issues/324 (dfldylan)
2024-07-05T01:02:14Z The contents in `gateway-ha/src/main/resources/static` don't get updated during the build process. --> https://github.com/trinodb/trino-gateway/issues/402 (oneonestar)
2024-07-04T23:38:04Z Add lklfuse --> https://github.com/Azathothas/Toolpacks/issues/25 (xplshn)
2024-07-04T23:04:16Z Envoy proxy doesn't work correctly in Consul transparent proxy mode. --> https://github.com/hashicorp/consul/issues/21517 (ruslan-y)
2024-07-04T23:01:23Z Envoy proxy doesn't work correctly in Consul transparent proxy mode. --> https://github.com/hashicorp/nomad/issues/23508 (ruslan-y)
2024-07-04T22:36:25Z Github Actions Self-Hosted Runner issue with node 20 --> https://github.com/actions/runner/issues/3373 (biswalc)
2024-07-04T22:34:36Z [BUG]: Atrac9DecoderState - DecoderQuery::BIT_RATE divide by zero after PR #3313 --> https://github.com/Vita3K/Vita3K/issues/3323 (CeruleanSky)
2024-07-04T22:24:24Z Display lights up but no data displayed --> https://github.com/Edzelf/ESP32Radio-V2/issues/150 (chainsawdave)
2024-07-04T21:32:42Z Clearing group history /  Clearing the history for everyone will delete the group + Video Demo --> https://github.com/telegramdesktop/tdesktop/issues/28133 (theelectricsoul)
2024-07-04T21:07:45Z regression: `RefCell<LineWriter<std::io::stdio::StdoutRaw>>` cannot be shared between threads safely --> https://github.com/rust-lang/rust/issues/127340 (Mark-Simulacrum)
2024-07-04T21:03:57Z pip install pyFAI fails --> https://github.com/silx-kit/pyFAI/issues/2232 (opens21)
2024-07-04T20:59:52Z Make Documents and Affiliates pages!! --> https://github.com/CSSS/csss-site-frontend/issues/15 (micahdbak)
2024-07-04T20:57:03Z Allow hashable-1.5 --> https://github.com/haskell/cabal/issues/10177 (Bodigrim)
2024-07-04T20:56:08Z 3.0.0 beta feedback --> https://github.com/Slothpala/RaidFrameSettings/issues/59 (kpontussvensson)
2024-07-04T20:36:47Z Initial release --> https://github.com/marcalexiei/curriculum-lol/issues/2 (marcalexiei)
2024-07-04T20:31:38Z [X64] xtqqczze/dotnet-runtime/CurrentEraValue --> https://github.com/MihuBot/runtime-utils/issues/475 (MihuBot)
2024-07-04T20:25:05Z [Question] JIT/Directed/debugging/debuginfo/tester fail with DOTNET_TieredCompilation=0 on Linux --> https://github.com/dotnet/runtime/issues/104451 (gbalykov)
2024-07-04T20:23:01Z API Documentation Question --> https://github.com/Cosmic-Chatter/Exhibitera/issues/20 (alexaverill)
2024-07-04T19:54:34Z Trouble exchanging the code for a token --> https://github.com/DuendeSoftware/Support/issues/1318 (christopherac90)
2024-07-04T19:50:18Z Assertion failed `(pThread->m_StateNC & Thread::TSNC_OwnsSpinLock) == 0` --> https://github.com/dotnet/runtime/issues/104449 (jakobbotsch)
2024-07-04T19:26:04Z cpu/nrf52: Add Make Option to Enable Pinreset --> https://github.com/RIOT-OS/RIOT/issues/20775 (crasbe)
2024-07-04T19:21:12Z Set static IP address for a container. --> https://github.com/ddev/ddev/issues/6376 (seebeen)
2024-07-04T19:20:26Z Markdown not working after upgrade to 1.6.0 --> https://github.com/analogjs/analog/issues/1203 (alexcibotari)
2024-07-04T18:44:12Z cmdLineTester_jvmtitests_hcr_OSRG_nongold_0 rc018 ppc64le segfault in internal tests --> https://github.com/eclipse-openj9/openj9/issues/19813 (cjjdespres)
2024-07-04T18:17:00Z ms mangler for template values: poor nyi error messages and nyi opte pointer --> https://github.com/llvm/llvm-project/issues/97756 (memory-thrasher)
2024-07-04T17:55:42Z Quarkus 3.12.1 + Kafka + DD + Native = BOOM --> https://github.com/DataDog/dd-trace-java/issues/7281 (luneo7)
2024-05-15T19:48:25Z parse errors with valid influxql --> https://github.com/influxdata/influxdb/issues/25008 (jdstrand)
2024-05-15T12:31:40Z Build failure: rustc on LLVM stdenv --> https://github.com/NixOS/nixpkgs/issues/311930 (thenhnn)
2024-05-15T06:29:54Z Ruby google-protobuf-4.26.1-aarch64-linux precompiled gem is not compatible with linux-musl --> https://github.com/protocolbuffers/protobuf/issues/16853 (ntkme)
2024-05-14T21:46:29Z mold: fatal: unknown command line option: -arch --> https://github.com/rui314/mold/issues/1259 (therealjasonkenney)
2024-05-14T07:54:05Z refactor(relay-server): statically linking libsqlite to relay binary and revert to using busybox as base image --> https://github.com/hyperledger/cacti/issues/3260 (sandeepnRES)
2024-05-13T18:03:07Z Failed building heim-host on s390x --> https://github.com/heim-rs/heim/issues/371 (jabir366)
2024-05-13T16:29:22Z [bug] android aarch64 compile files - libc++.so.1 not found (ring package?) --> https://github.com/tauri-apps/tauri/issues/9769 (bburdette)
2024-05-13T08:36:18Z Statically Linked native image does not produce/embed all the needed .so next to the executable  --> https://github.com/oracle/graal/issues/8911 (mpalourdio)
2024-05-13T08:32:30Z python-cryptography: failed to build with external toolchain --> https://github.com/openwrt/packages/issues/24142 (DazzyWalkman)
2024-05-12T22:05:53Z Is there any way to boot baremetal? --> https://github.com/vheidari/miniBox/issues/1 (xplshn)
2024-05-12T18:47:02Z Can't build your fork --> https://github.com/zacharee/unifi-cam-proxy/issues/1 (royassas)
2024-05-12T18:29:45Z Prebuilt binary has very very very poor performance --> https://github.com/upa/mscp/issues/22 (baryluk)
2024-05-11T21:27:32Z [C++][CMake] 16.0.0: build fails because missing boost detection --> https://github.com/apache/arrow/issues/41624 (kloczek)
2024-05-11T20:24:21Z Building IfcOpenShell with EMSCRIPTEN, tips? --> https://github.com/IfcOpenShell/IfcOpenShell/issues/4660 (SoftwareMechanic)
2024-05-11T03:15:00Z [bug]: `venv` creation fails on `linux-musl` builds --> https://github.com/indygreg/python-build-standalone/issues/261 (yozachar)
2024-05-11T00:02:25Z bulild in openwrt with "*** No targets specified and no makefile found.  Stop." error --> https://github.com/pivasoftware/easycwmp/issues/50 (kitecn)
2024-05-10T15:55:26Z docs: note musl based static builds, that work across linux distros + alpine ffi static & shared libs --> https://github.com/pact-foundation/pact-reference/issues/416 (YOU54F)
2024-05-10T10:33:27Z Add an X86_64 build for linux --> https://github.com/cantino/mcfly/issues/411 (adam-devel)
2024-05-10T08:45:55Z I follow this step ,but i got "no rule to make target",can you help me?i try many times,but always the error  --> https://github.com/TrollMafia/Easycwmp-Installation-for-x86/issues/1 (kitecn)
2024-05-09T21:17:56Z No support for MUSL when statically compiled --> https://github.com/indygreg/python-zstandard/issues/224 (ofek)
2024-05-09T19:33:58Z Doesn't compile on Alpine Linux. --> https://github.com/Shirakumo/libmixed/issues/22 (nerap528)
2024-05-09T15:52:17Z mail-client/thunderbird-115.10.1::loongson: ERROR: --with-system-libvpx requested but symbol vpx_codec_dec_init_ver not found --> https://github.com/xen0n/loongson-overlay/issues/39 (HougeLangley)
2024-05-09T15:16:05Z MUSL distributions lacking proper interpreter information --> https://github.com/indygreg/python-build-standalone/issues/260 (ofek)
2024-05-09T13:42:29Z Enable feature reqwest/native-tls-vendored when native-tls and static is enabled --> https://github.com/cargo-bins/cargo-binstall/issues/1694 (NobodyXu)
2024-05-09T12:35:13Z Build errors with Clang 15 or 16, or GCC 14 --> https://github.com/crashappsec/chalk/issues/290 (ee7)
2024-05-09T10:08:36Z [Ubuntu] [3.12.0.0-prerelease] Semaphore does not exist --> https://github.com/haskell/cabal/issues/9993 (jasagredo)
2024-05-09T09:12:56Z Support running on Windows --> https://github.com/apache/horaedb/issues/1527 (jiacai2050)
2024-05-09T03:39:09Z Cargo leptos builds 'fail' when using config.toml --> https://github.com/leptos-rs/cargo-leptos/issues/279 (tadghh)
2024-05-09T03:11:01Z Bug: Docker compose service setupt with vite+react --> https://github.com/nodejs/help/issues/4393 (shivam-sharma7)
2024-05-08T18:40:38Z Binaries for MIPSEL  --> https://github.com/SamuelYvon/netifaces-2/issues/38 (FrozenGalaxy)
2024-05-08T14:04:29Z dockerdç¼–è¯‘å‡ºé”™ï¼Œç¼ºå°‘libnetworkä¾èµ– --> https://github.com/kenzok8/small-package/issues/162 (gitbruc)
2024-05-07T15:56:05Z Nginx Homepage after installation with Docker-Compose behind traefik --> https://github.com/TandoorRecipes/recipes/issues/3154 (Cloufish)
2024-05-07T15:11:06Z support AppArmor profiles for containers --> https://github.com/siderolabs/talos/issues/8715 (smira)
2024-05-07T11:54:46Z Is xml-rs memory leak malloc_trim workaround still relevant? --> https://github.com/pop-os/cosmic-store/issues/62 (JamiKettunen)
2024-05-07T10:00:18Z [clang] attribute `__attribute__ ((ifunc("resolve_multiver")))` is accepted even when not supported by the platform (linux-musl) --> https://github.com/llvm/llvm-project/issues/91313 (mablinov)
2024-05-07T09:08:55Z Why not use mimalloc? --> https://github.com/clux/muslrust/issues/142 (dattito)
2024-05-07T05:27:52Z GCC 13ç¼–è¯‘é—®é¢˜ zmqåº“æ–­è¨€ä¸è¿‡ --> https://github.com/coolsnowwolf/lede/issues/12139 (GreatMichaelLee)
2024-05-07T03:30:00Z nginx ç¼–è¯‘å¤±è´¥ --> https://github.com/coolsnowwolf/lede/issues/12138 (GreatMichaelLee)
2024-05-06T20:12:22Z Can't build on Alpine Linux aarch64 --> https://github.com/s1lentq/ReGameDLL_CS/issues/961 (DvaMishkiLapa)
2024-05-06T16:33:27Z æœ€æ–°æºç mac80211æŠ¥é”™ --> https://github.com/coolsnowwolf/lede/issues/12136 (dragon888888888888)
2024-05-06T12:51:15Z Package request: OpenVINO --> https://github.com/void-linux/void-packages/issues/50211 (blacklightpy)
2024-05-05T20:31:07Z When specifying a `-resource-dir` and an `-sdk`, the `swift-frontend` still looks in the latter for runtime modules to import --> https://github.com/swiftlang/swift/issues/73445 (finagolfin)
2024-05-05T19:40:27Z ipq40xx: mr33: Unable to read device correct mac address --> https://github.com/openwrt/openwrt/issues/15393 (nasbdh9)
2024-05-05T13:51:22Z Static build support (openssl + cross-compile) --> https://github.com/hickory-dns/hickory-dns/issues/2207 (polarathene)
2024-05-04T03:15:55Z Does not execute on Pico Max using latest SDK and Ubuntu image on EMMC/SD --> https://github.com/luckfox-eng29/luckfox_pico_rtsp_yolov5/issues/2 (platima)
2024-05-03T12:05:03Z trying to access my JDM editor from EC2 instance --> https://github.com/gorules/jdm-editor/issues/41 (himasai9712)
2024-05-03T02:28:56Z [Bug] Aces can't do binary (charsets of two characters or numbers) --> https://github.com/quackduck/aces/issues/4 (xplshn)
2024-05-02T18:06:34Z [CI] Installing the newer version of Azurite is failing --> https://github.com/apache/arrow/issues/41505 (raulcd)
2024-05-02T15:02:58Z `shadowsocks-libev` Compiler error! --> https://github.com/openwrt/packages/issues/24066 (zxlhhyccc)
2024-05-02T13:35:04Z MagicDNS priority inconsistent vs. LLMNR --> https://github.com/tailscale/tailscale/issues/11967 (tavianator)
2024-05-02T11:52:31Z Relationships / Dependencies are present in Syft json and SPDX json files but sometimes not in Cyclonedx json file format --> https://github.com/anchore/syft/issues/2832 (haiazuki)
2024-05-02T10:28:36Z frr: fails to compile when submodule frr-libfrr is not enabled --> https://github.com/openwrt/packages/issues/24063 (httpstorm)
2024-05-01T22:05:10Z undefined reference to __glibc_unlikely --> https://github.com/elfmaster/libelfmaster/issues/41 (milahu)
2024-05-01T21:45:16Z "GET https://example.com/users/sign_in: unexpected status code 200 OK" when pushing to self-hosted GitLab with Kaniko --> https://github.com/GoogleContainerTools/kaniko/issues/3146 (andrew2758)
2024-05-01T19:38:47Z Incompatible rubygems version with Heroku-20 --> https://github.com/bootstrap-email/bootstrap-email/issues/264 (jippylong12)
2024-05-01T15:12:20Z ERROR: package/feeds/packages/shadowsocks-libev failed to build. --> https://github.com/kenzok8/small/issues/157 (ted-zheng)
2024-05-01T11:17:35Z Feature Request: Support building LuCI with static brotli compression --> https://github.com/openwrt/luci/issues/7099 (tobiaspc)
2024-05-01T10:59:25Z Banana Pi BPi-R4 Stuck on Booting. --> https://github.com/kiddin9/OpenWrt_x86-r2s-r4s-r5s-N1/issues/1737 (mdsdtech)
2024-05-01T06:50:45Z The warning when building for FreeBSD and OpenBSD --> https://github.com/crystal-lang/crystal/issues/14551 (yanecc)
2024-05-01T05:08:08Z iperf3 segfault ld-musl-x86_64.so on Alpine Linux container --> https://github.com/esnet/iperf/issues/1692 (ryjogo)
2024-05-01T04:44:25Z ç”¨æœ€æ–°ç‰ˆçš„openwrtå®˜æ–¹æºç ç¼–è¯‘æ—¶å€™æŠ¥é”™ --> https://github.com/fw876/helloworld/issues/1462 (copycodetest)
2024-05-01T04:11:04Z æœ€æ–°forkçš„é…ç½®ç¼–è¯‘é”™è¯¯å‘¢ --> https://github.com/WukongMaster/OpenWrt-Mini/issues/4 (asnon)
2024-04-30T12:44:59Z Compiling with uwe5622 driver fails (zeropi2) --> https://github.com/orangepi-xunlong/openwrt/issues/36 (stewartwatson321)
2024-04-30T04:03:53Z [question] How to use musl instead of glibc? --> https://github.com/conan-io/conan/issues/16179 (AndreyMlashkin)
2024-04-29T15:14:01Z libc.so: invalid ELF header with ruby:3.1.2 Docker image --> https://github.com/bootstrap-email/bootstrap-email/issues/263 (joarobles)
2024-04-29T09:48:53Z Latest release is not a static executable on Linux --> https://github.com/JasonShin/sqlx-ts/issues/107 (Mange)
2024-04-29T06:21:46Z Language server: Cannot find module '@nomicfoundation/slang-linux-x64-gnu' --> https://github.com/NomicFoundation/hardhat-vscode/issues/564 (beeb)
2024-04-28T20:45:03Z [22.03, 23.05] MacOS Ventura: toolchain/gdb: fails to compile --> https://github.com/openwrt/openwrt/issues/15314 (BKPepe)
2024-04-27T21:52:19Z Package request: Gazebo: Harmonic --> https://github.com/void-linux/void-packages/issues/50068 (blacklightpy)
2024-04-27T12:08:37Z submodule --> https://github.com/aar10n/osdev/issues/3 (wolfcod)
2024-04-27T11:15:52Z Regression test fails: _tinysshd-unauthenticated --> https://github.com/janmojzis/tinyssh/issues/88 (skarnet)
2024-04-27T04:38:29Z 5plus ç¼–è¯‘å¤±è´¥ --> https://github.com/orangepi-xunlong/openwrt/issues/35 (3wlh)
2024-04-26T20:25:21Z Provide MUSl builds --> https://github.com/mollyim/mollysocket/issues/34 (ERROR-404-NULL-NOT-FOUND)
2024-04-26T15:09:09Z Replace `zig` in the cross-compile process with GCC cross-compiler toolchains --> https://github.com/grafana/grafana-build/issues/314 (kminehart)
2024-04-26T11:16:40Z Bun Install fail --> https://github.com/oven-sh/bun/issues/10544 (tuyen-at-work)
2024-04-26T05:38:44Z Kubeedge support OpenWrt  system --> https://github.com/kubeedge/kubeedge/issues/5565 (JiaweiGithub)
2024-04-26T04:47:00Z undeclared identifier 'strtoll_l' and use of undeclared identifier 'strtoull_l' in c++\v1\locale --> https://github.com/emscripten-core/emsdk/issues/1374 (yosmo78)
2024-04-25T20:41:40Z Compilation error --> https://github.com/collinalexbell/HackMatrix/issues/52 (linvegas)
2024-04-25T14:54:46Z Live-heap profiler (alpha) in dd-trace-java v1.33.0 crashes the JVM. (After updated from v1.32.0) --> https://github.com/DataDog/dd-trace-java/issues/6948 (stevenshim)
2024-04-25T14:26:36Z dlfcn required for windows build --> https://github.com/open-quantum-safe/liboqs/issues/1768 (andybrucenet)
2024-04-25T12:52:55Z find_library finds library even when it shouldn't --> https://github.com/mesonbuild/meson/issues/13142 (pobrn)
2024-04-25T08:55:18Z Support for FreeBSD --> https://github.com/rollup/rollup/issues/5491 (michal-stachura)
2024-04-24T12:50:40Z `Promise.all` in interactive `$transaction` unexpectedly merges operations --> https://github.com/prisma/prisma/issues/23951 (ludralph)
2024-04-24T10:49:29Z Converter is not applied when using named params in a batch insert --> https://github.com/jOOQ/jOOQ/issues/16589 (DavidGregory084)
2024-04-24T07:54:12Z s390x statically linked binaries terminate with segmentation fault --> https://github.com/NixOS/nixpkgs/issues/306473 (saschagrunert)
2024-04-24T01:19:36Z Cannot compile on android --> https://github.com/rust-windowing/softbuffer/issues/211 (Quackdoc)
2024-04-23T18:10:09Z alternative shell discussion --> https://github.com/blue-build/modules/issues/212 (xynydev)
2024-04-23T08:32:43Z Experimental Bazel support for backend --> https://github.com/enso-org/enso/issues/9768 (hubertp)
2024-04-23T06:46:16Z hysteria-app-v2.4.1ç¼–è¯‘å‡ºé”™ --> https://github.com/fw876/helloworld/issues/1459 (wolfhnhn)
2024-04-23T06:07:31Z mini_racer 0.12.0 Segmentation fault on x86_64-linux with libv8-node 21.7.2.0 --> https://github.com/rubyjs/mini_racer/issues/300 (D-system)
2024-04-23T00:00:58Z Static option to Cmake --> https://github.com/scipopt/soplex/issues/40 (jacobsvante)
2024-04-22T11:09:46Z Upgrade to 2024 version issue - database error --> https://github.com/goauthentik/authentik/issues/9376 (hansolo57)
2024-04-22T09:42:48Z Building docker image with nixos/nix fails with error: Package â€˜tinycc-musl-unstable-2023-07-10-compilerâ€™ in Â«unknown-fileÂ» is not available on the requested hostPlatform --> https://github.com/NixOS/nix/issues/10587 (Xelef2000)
2024-04-22T09:18:32Z How to install on docker --> https://github.com/saltcorn/saltcorn/issues/2440 (MrBZH972)
2024-04-22T09:10:09Z Build catboost python package with custom glibc --> https://github.com/catboost/catboost/issues/2645 (egorvasilevich)
2024-04-22T08:03:59Z Build error (support for C++11 language features is required) --> https://github.com/dice-group/tentris/issues/101 (tholiebig)
2024-04-21T20:52:00Z Support for cross compilation --> https://github.com/crystal-lang/shards/issues/627 (noraj)
2024-04-21T18:57:37Z Segmentation fault when running static build with `with-dns-sd` --> https://github.com/librespot-org/librespot/issues/1276 (yubiuser)
2024-04-21T12:28:58Z update lua for mesa --> https://github.com/openwrt/openwrt/issues/15223 (esaaprillia)
2024-04-21T09:58:07Z Package request: amarok  --> https://github.com/void-linux/void-packages/issues/49953 (Eloitor)
2024-03-26T08:35:36Z Error building the firmware image on Friendly NanoPi R4S 23.05.3 --> https://github.com/openwrt/asu/issues/777 (rvdheuvel72)
2024-03-25T19:17:15Z rpds-py error: subprocess-exited-with-error --> https://github.com/milesmcc/shynet/issues/315 (losthearts)
2024-03-25T12:45:49Z awk detection is broken on Musl-based Linux distros --> https://github.com/NetBSD/pkgsrc/issues/132 (sskras)
2024-03-25T12:05:02Z Build on 1.4 branch requires Linux header files --> https://github.com/open62541/open62541/issues/6360 (sgoll)
2024-03-25T11:38:37Z Completion exported as `extern main` doesn't work --> https://github.com/nushell/nushell/issues/12278 (KAAtheWiseGit)
2024-03-25T08:07:24Z error NETSDK1083: The specified RuntimeIdentifier 'alpine.3.19-x64' is not recognized. --> https://github.com/dotnet/sdk/issues/39733 (mrlioncub)
2024-03-24T23:32:13Z clang 17.0.6 and 18.1.2 fail to build libwebp-1.3.2 and harfbuzz-8.3.0 on ppc32/musl: "clang: error: clang frontend command failed with exit code 139" --> https://github.com/llvm/llvm-project/issues/86460 (ernsteiswuerfel)
2024-03-24T19:05:25Z Extern completions handle comments incorrectly --> https://github.com/nushell/nushell/issues/12274 (KAAtheWiseGit)
2024-03-24T14:23:52Z target mips-unknown-linux-musl compilation failed --> https://github.com/actix/actix-web/issues/3315 (lbl8603)
2024-03-24T13:56:13Z Undefined reference to opus_select_arch --> https://github.com/xiph/opus/issues/327 (BKPepe)
2024-03-24T03:22:12Z [Bug]: 2.15.0: Failing tests on musl libc. --> https://github.com/fedora-modularity/libmodulemd/issues/617 (Kangie)
2024-03-23T17:45:56Z Resolving linking order is a nightmare on alpine --> https://github.com/abseil/abseil-cpp/issues/1645 (benstadin)
2024-03-23T12:47:41Z Alternatives to a self-hosted runner to build statically-linked Stack for Linux/AArch64? --> https://github.com/commercialhaskell/stack/issues/6531 (mpilgrem)
2024-03-23T08:41:30Z arrow example build fails --> https://github.com/r-hub/r-minimal/issues/85 (gaborcsardi)
2024-03-23T06:14:52Z self-update: should resolve pixi binary from channel --> https://github.com/prefix-dev/pixi/issues/1047 (gzm55)
2024-03-22T20:59:41Z Validating a plugin with python packages can hang --> https://github.com/OpenC3/cosmos/issues/1155 (jmthomas)
2024-03-22T17:52:23Z LTO failing to prune WASI fd_* imports --> https://github.com/WebAssembly/wasi-sdk/issues/401 (ggoodman)
2024-03-22T14:19:44Z Update package ovpn-dco for support 6.6 kernel --> https://github.com/openwrt/packages/issues/23713 (remittor)
2024-03-22T10:27:36Z Enso AppImage fails to do any operation on project giving error "Could not initialize class org.enso.syntax2.Parser" --> https://github.com/enso-org/enso/issues/9521 (juanmiguel-lopez-lambdaloopers)
2024-03-22T10:01:30Z [Build] Encountered error executing OPs on RISCV platform --> https://github.com/microsoft/onnxruntime/issues/20030 (FZR95)
2024-03-22T06:16:42Z ramips ç¼–è¯‘ v2datå‡ºé”™ --> https://github.com/coolsnowwolf/packages/issues/786 (sKyissKy)
2024-03-21T13:04:30Z mt798x: Crash with `multicast_to_unicast_all` set --> https://github.com/openwrt/mt76/issues/866 (Fail-Safe)
2024-03-21T08:49:53Z segment fault in alpine linux --> https://github.com/robo9k/rust-magic-sys/issues/51 (plusls)
2024-03-20T17:22:43Z Ubiquiti Rocket M2 XM Settings lost after reboot --> https://github.com/openwrt/openwrt/issues/14941 (mucke1985)
2024-03-20T13:48:22Z Run invariance tests on `alpine` / `musl` --> https://github.com/IUPAC-InChI/InChI/issues/13 (JanCBrammer)
2024-03-20T13:28:59Z Build Tests --> https://github.com/franziskusz/process-logger/issues/2 (franziskusz)
2024-03-20T08:08:18Z Using CGO on macOS, cross-compiled Linux binaries throw the error: github.com/taosdata/driver-go/v3@v3.5.1/wrapper/asynccb.go:7:10: fatal error: taos.h: No such file or directory --> https://github.com/taosdata/TDengine/issues/25135 (gdyycn)
2024-03-20T06:08:08Z [é—®é¢˜åé¦ˆ]: dockeré•œåƒæ‰“åŒ…å¤±è´¥ --> https://github.com/Mereithhh/vanblog/issues/413 (Mrkk1)
2024-03-20T02:35:43Z Emulated cross-architecture build leaves a broken rust-std derivation on NixOS --> https://github.com/NixOS/nixpkgs/issues/297340 (bltavares)
2024-03-20T01:49:09Z Error building the firmware image --> https://github.com/openwrt/asu/issues/771 (luhujp)
2024-03-20T01:23:41Z Failed to find tool. Is `musl-g++` installed,  on linux cross compile for x86_64-unknown-linux-musl --> https://github.com/Cinea4678/easy-captcha-rs/issues/1 (swfdoudou)
2024-03-19T23:43:30Z æ— çº¿ç½‘å¡rtl8812au-ct ï¼Œä¸èƒ½downloadï¼Œ ç¼–è¯‘æŠ¥é”™ --> https://github.com/coolsnowwolf/lede/issues/12017 (LANEVO09)
2024-03-19T18:10:14Z Build fails: undefined reference to EVP_PKEY_base_id --> https://github.com/PurpleI2P/i2pd-tools/issues/97 (kevcrumb)
2024-03-19T08:07:09Z Compiler issue on AArch64 Linux --> https://github.com/rust-bio/rust-htslib/issues/425 (jakobnissen)
2024-03-19T03:08:34Z remove realpath() from the standard library --> https://github.com/ziglang/zig/issues/19353 (andrewrk)
2024-03-18T22:10:36Z ERROR PLEASE FIX --> https://github.com/sergoops/openwrt_tl_wr840n_v6.x/issues/2 (Lewrin1)
2024-03-18T21:05:40Z unable to use within docker container --> https://github.com/harlan-zw/nuxt-seo/issues/208 (Vaiune)
2024-03-18T17:51:36Z WASI/Wasm: `withVaList(_:)` produces a va_list with the wrong type --> https://github.com/swiftlang/swift/issues/72398 (grynspan)
2024-03-18T11:51:28Z PHPldapadmin install failed, jail image generation --> https://github.com/cbsd/cbsd-forms/issues/1 (n-connect)
2024-03-18T05:38:22Z Zig fails with compiler-rt if compiling shared libraries for musl --> https://github.com/ziglang/zig/issues/19342 (RossComputerGuy)
2024-03-17T23:58:23Z Include llvm in image --> https://github.com/haskell/docker-haskell/issues/125 (flip111)
2024-03-17T17:20:07Z [Linux] - Segmentation fault under Clang/Musl build --> https://github.com/BambooTracker/BambooTracker/issues/504 (z-erica)
2024-03-17T07:36:35Z docker build fails - Cargo, the Rust package manager, is not installed or is not on PATH --> https://github.com/blockchain-certificates/cert-issuer/issues/281 (claudiunicolaa)
2024-03-16T09:31:51Z build without ARM runner --> https://github.com/Voxscape/voxscape/issues/55 (jokester)
2024-03-16T07:50:23Z [CMake] LLVM_HOST_TRIPLE cross compilation ignores CMAKE_SHARED_LINKER_FLAGS --> https://github.com/llvm/llvm-project/issues/85504 (MaskRay)
2024-03-15T22:07:50Z Cargo.lockåå¤ç¼–è¯‘å¤±è´¥ æ¢äº†ä»£ç†ä¾æ—§æŠ¥é”™ï¼ŒLå¤§èƒ½å¸®å¿™çœ‹çœ‹å— --> https://github.com/coolsnowwolf/lede/issues/12000 (shedkiss)
2024-03-15T21:54:26Z Suggestion: Add flatpak or AppImage build --> https://github.com/ButzYung/SystemAnimatorOnline/issues/74 (mstarongithub)
2024-03-15T16:47:36Z Error: Unsupported architecture on Linux: arm64 --> https://github.com/denoland/denokv/issues/71 (dionjwa)
2024-03-15T16:01:09Z error building on m1 mac --> https://github.com/FiloSottile/homebrew-musl-cross/issues/48 (sfusco-kryptowire)
2024-03-15T15:58:56Z Error upgrading from `22.03.6 - r20265-f85a79bcb4` to `23.05.2` on Cudy WR1300 --> https://github.com/openwrt/asu/issues/766 (JcMinarro)
2024-03-15T15:01:40Z Running xxhash tests --> https://github.com/Cyan4973/xxHash/issues/927 (pengwinsurf)
2024-03-15T09:25:17Z undefined reference to `libssh2_version' when installing extensions --> https://github.com/dunglas/frankenphp/issues/664 (Issa-projects)
2024-03-15T04:21:25Z Feature request: Support for binfmt-misc F flag --> https://github.com/ptitSeb/box64/issues/1361 (boltronics)
2024-03-15T01:12:35Z ERROR: package/feeds/packages/samba4 failed to build. --> https://github.com/openwrt/packages/issues/23655 (uosbox)
2024-03-14T18:24:45Z udp2raw not working on OpenWRT --> https://github.com/wangyu-/udp2raw/issues/513 (iz4tow)
2024-03-14T18:08:07Z âš ï¸NOTEâš ï¸ Removal of `-openssl3` postfix and update to MUSL v1.2.5 --> https://github.com/BlackDex/rust-musl/issues/5 (BlackDex)
2024-03-14T18:07:02Z Trouble upgrading 22.05.3 to 23.05.2 on Belkin RT3200 --> https://github.com/openwrt/asu/issues/765 (richb-hanover)
2024-03-14T17:58:08Z Building fails with bootlin or1k toolchain due to -fstack-protector-strong enabled by default --> https://github.com/crust-firmware/crust/issues/219 (zador-blood-stained)
2024-03-14T17:53:21Z Docker build image outdated --> https://github.com/SamTV12345/css-inliner-server/issues/2 (BlackDex)
2024-03-14T17:45:17Z Build image is outdated --> https://github.com/TheSilkky/lemmy-docker/issues/1 (BlackDex)
2024-03-14T17:43:43Z The build images are outdated --> https://github.com/Dubzer/silly-cors/issues/1 (BlackDex)
2024-03-14T11:52:52Z Error relocating @libsql/linux-x64-musl/index.node: fcntl64: symbol not found --> https://github.com/tursodatabase/libsql-js/issues/91 (DmitryScaletta)
2024-03-14T10:13:53Z iox-gc container fails to start - missing influxdb_iox binary --> https://github.com/metrico/iox-community/issues/7 (mugen6)
2024-03-14T06:11:47Z GL-iNet AX1800æ— çº¿é—®é¢˜ --> https://github.com/coolsnowwolf/lede/issues/11991 (niliovo)
2024-03-14T03:14:42Z unbound failed to build with python --> https://github.com/openwrt/packages/issues/23645 (beelze)
2024-03-13T19:29:38Z integration-test: `rust-lld` invoked by `cargo xtask integration-test vm` fails to find libraries --> https://github.com/aya-rs/aya/issues/907 (vadorovsky)
2024-03-13T14:40:30Z question: how do you specify abi when cross compiling --> https://github.com/rustshop/flakebox/issues/143 (GlennWSo)
2024-03-13T14:36:27Z macOSäº¤å‰ç¼–è¯‘linuxå¤±è´¥ --> https://github.com/taosdata/driver-go/issues/247 (SkywardSky)
2024-03-13T13:05:53Z Build failure: `pkgsStatic.perl` (Perl interpreter statically linked to Musl libc) --> https://github.com/NixOS/nixpkgs/issues/295608 (YoshiRulz)
2024-03-13T11:58:36Z /lib/x86_64-linux-gnu/libc.so.6: version `GLIBC_2.33' not found --> https://github.com/denzyldick/phanalist/issues/62 (rmikalkenas)
2024-03-13T11:49:09Z Termux on Android --> https://github.com/astral-sh/uv/issues/2408 (phanirithvij)
2024-03-13T01:21:40Z Conflict with wpad-basic-mbedtls --> https://github.com/awilliams/wifi-presence/issues/20 (jfly)
2024-03-13T00:22:28Z Alpine image challenges --> https://github.com/fluxcd/source-controller/issues/1400 (thejosephstevens)
2024-03-12T23:46:32Z Unable to compile with patches --> https://github.com/Kazagumo/OPi-Zero2-OPPatcher/issues/5 (stewartwatson321)
2024-03-12T20:11:03Z Docker image build fails on Alpine Linux (with glibc support) --> https://github.com/crosstool-ng/crosstool-ng/issues/2129 (fakr00n)
2024-03-12T16:11:23Z `rm --interactive` doesn't work with `yes` --> https://github.com/nushell/nushell/issues/12175 (KAAtheWiseGit)
2024-03-12T14:38:52Z Unable to get sss usernames with musl build --> https://github.com/rustadopt/uzers-rs/issues/20 (raffitz)
2024-03-12T10:56:05Z Apple Silicon targetç¼–è¯‘å¤±è´¥ --> https://github.com/coolsnowwolf/lede/issues/11981 (zhangzhenxi)
2024-03-12T10:14:21Z transmission-daemon missing --> https://github.com/openwrt/packages/issues/23626 (plasticassius)
2024-03-12T08:47:29Z [f7a6845] testing kernel: crypto-safexel: can't request region for resource --> https://github.com/openwrt/openwrt/issues/14859 (jpsollie)
2024-03-12T04:10:15Z Unlimited Spin of Glibc's Read-write-lock Implementation --> https://github.com/apache/celix/issues/739 (PengZheng)
2024-03-12T02:53:53Z Port 9000 down on fresh build with docker-compose --> https://github.com/infobyte/faraday/issues/485 (jotamjr)
2024-03-11T23:53:57Z Reduced size binary --> https://github.com/vectordotdev/vector/issues/20064 (fungs)
2024-03-11T21:47:41Z Support cross-toolchains for musl on darwin --> https://github.com/TraceMachina/nativelink/issues/751 (aaronmondal)
2024-03-11T20:38:22Z "Variable not found" error when a recursive function has two recursive calls --> https://github.com/nushell/nushell/issues/12163 (ropeladder)
2024-03-11T19:24:11Z [Bug]: Not compiling on Musl because it does not have statvfs64 implemented. --> https://github.com/nextcloud/desktop/issues/6536 (Tumbleweeds)
2024-03-11T17:07:17Z Crash "SIGABRT: abort"/"signal arrived during cgo execution" during store code on Alpine 3.19 --> https://github.com/CosmWasm/wasmvm/issues/523 (sampocs)
2024-03-11T13:40:20Z PF_RING-8.0.0 error: invalid application of 'sizeof' to incomplete type 'char[]' --> https://github.com/openwrt/packages/issues/23621 (JimMatthew)
2024-03-11T10:23:12Z golangç‰ˆæœ¬ä½Žçš„æƒ…å†µä¸‹ï¼Œç¼–è¯‘ä¼šå¤±è´¥ --> https://github.com/Curious-r/OpenWrtBuildWorkflows/issues/3 (jmmes)
2024-03-11T09:10:20Z error installing libcoraza --> https://github.com/corazawaf/libcoraza/issues/38 (Zerorigin)
2024-03-10T20:20:15Z Bad c++config.h in canadian builds --> https://github.com/crosstool-ng/crosstool-ng/issues/2126 (Lapshin)
2024-03-10T18:57:16Z Support musl static build for aarch64 --> https://github.com/indygreg/python-build-standalone/issues/228 (pkropachev)
2024-03-10T15:22:50Z Ruby & RubyGems version upgrade --> https://github.com/inoda/ontrack/issues/116 (andreu4448)
2024-03-10T14:02:01Z `examples/node18-prisma-rest-express`: No connection established --> https://github.com/unikraft/catalog/issues/96 (razvand)
2024-03-10T08:50:57Z Test failure pathTest.cpp       <local@> <!> <local> --> https://github.com/kisli/vmime/issues/301 (Thermi)
2024-03-10T06:46:26Z `uv venv` reports using a different interpreter path than it uses --> https://github.com/astral-sh/uv/issues/2327 (gschaffner)
2024-02-27T15:27:55Z Mismatch between output binary names causes build to fail with FileNotFound error when building for WASM targets --> https://github.com/ziglang/zig/issues/19108 (aashu16)
2024-02-27T13:05:35Z IDE does not provide feedback if the solver can not be started --> https://github.com/dafny-lang/dafny/issues/5131 (Timmmm)
2024-02-27T10:56:10Z Unable to cross-compile riscv64 Hello world program in c under wsl2 --> https://github.com/ziglang/zig/issues/19107 (wrongnull)
2024-02-26T23:12:11Z Package request: Helio Sequencer --> https://github.com/void-linux/void-packages/issues/48957 (blacklightpy)
2024-02-26T20:14:42Z Static executables on other platforms: Native builds via Nix --> https://github.com/PostgREST/postgrest/issues/3280 (wolfgangwalther)
2024-02-26T17:26:25Z Non cargo install fails on Alpine --> https://github.com/atuinsh/atuin/issues/1783 (genotrance)
2024-02-26T13:18:38Z Issues with cross-compilation `aarch64-darwin` -> `aarch64-linux` --> https://github.com/cargo2nix/cargo2nix/issues/347 (ar3s3ru)
2024-02-26T11:12:11Z Errors when trying to cross compile to ARM --> https://github.com/Roysten/rust-framebuffer/issues/22 (arthurlutz)
2024-02-26T02:34:03Z Node. JS app deployment failure from VS Code to ACA --> https://github.com/VSCodeTriageBot/testissues/issues/39996 (VSCodeTriageBot)
2024-02-25T15:16:42Z Documentation : cross compilation for arm --> https://github.com/lvgl/lv_port_linux/issues/46 (arthurlutz)
2024-02-25T09:11:26Z openwrtç¼–è¯‘æŠ¥é”™äº† --> https://github.com/0x676e67/thunder/issues/139 (OldCoding)
2024-02-25T03:24:35Z env._.source has issues when the sourced script changes --> https://github.com/jdx/mise/issues/1709 (egnor)
2024-02-24T17:01:25Z Tofi fails to build on Gentoo Musl --> https://github.com/philj56/tofi/issues/155 (sch-neck)
2024-02-24T14:59:23Z é‡å¯åŽdockerå®¹å™¨ä¸¢å¤±çš„é—®é¢˜ --> https://github.com/istoreos/istoreos/issues/1363 (coolxy)
2024-02-24T07:33:38Z segfault in ld-musl-x86_64.so.1 --> https://github.com/willfarrell/docker-autoheal/issues/127 (KomtGoed)
2024-02-24T05:57:03Z musl lib static binary linked is not as glibc --> https://github.com/99degree/adbd-linux/issues/4 (99degree)
2024-02-24T05:47:07Z ship even more of the compiler in source form --> https://github.com/ziglang/zig/issues/19063 (andrewrk)
2024-02-24T03:38:18Z No 0.13.x wheels available on linux arm64 with python 3.12 --> https://github.com/Qiskit/rustworkx/issues/1115 (harryzcy)
2024-02-23T17:57:20Z Fails to compile with musl via zig --> https://github.com/linux-audit/audit-userspace/issues/358 (RossComputerGuy)
2024-02-23T15:27:10Z Release: aarch64+musl  --> https://github.com/tensorchord/pgvecto.rs/issues/382 (njhsi)
2024-02-23T15:01:22Z lang/rust/host/compile failed to build for aarch64+glibc target on aarch64 host  --> https://github.com/openwrt/packages/issues/23519 (njhsi)
2024-02-23T13:00:14Z build error/warning: format not a string literal and no format arguments --> https://github.com/OffchainLabs/sszpp/issues/2 (olegrok)
2024-02-23T10:31:40Z Kluctl does not work in amazon image --> https://github.com/Enrise/KubeToolbox/issues/14 (noahlvb)
2024-02-22T19:08:40Z Build error due to incompatibility with _GLIBCXX_USE_CXX11_ABI=0 --> https://github.com/intel/compute-runtime/issues/708 (maleadt)
2024-02-22T18:25:04Z darwin isn't building --> https://github.com/maddyblue/mzfmt/issues/11 (maddyblue)
2024-02-22T18:19:09Z Docker build fails because opsenssl   --> https://github.com/sfackler/rust-openssl/issues/2185 (phydy)
2024-02-22T17:15:12Z v3 rewrite --> https://github.com/m1k1o/neko/issues/371 (m1k1o)
2024-02-22T16:13:59Z LLVM ERROR: `floatFromInt` cast --> https://github.com/kassane/zig-espressif-bootstrap/issues/2 (kassane)
2024-02-22T01:31:11Z Build crashing when building linux --> https://github.com/BPI-SINOVOIP/BPI-R4-MT76-OPENWRT-V21.02/issues/2 (shootind5nukes)
2024-02-21T17:58:21Z wifi crash --> https://github.com/openwrt/openwrt/issues/14693 (mhench)
2024-02-21T12:54:36Z Compilation fail on openwrt-v23 --> https://github.com/adde88/sslsplit-openwrt/issues/3 (jedi7)
2024-02-21T12:52:35Z Panic when no CA found --> https://github.com/Roblox/rs-consul/issues/42 (ValentinColin)
2024-02-21T12:13:22Z Native build on aarch64 is different than on x86 --> https://github.com/rust-lang/cargo/issues/13471 (isbm)
2024-02-21T11:46:45Z 20220716åˆ†æ”¯ç¼–è¯‘å¤±è´¥ï¼Œbatman-advã€upx[host]æŠ¥é”™ --> https://github.com/coolsnowwolf/lede/issues/11908 (hpx502766238)
2024-02-21T03:41:28Z Feature request: automating FAKETIME_FORCE_MONOTONIC_FIX --> https://github.com/wolfcw/libfaketime/issues/460 (woshikid)
2024-02-20T15:24:11Z Test failures on Alpine Linux --> https://github.com/prefix-dev/pixi/issues/821 (orhun)
2024-02-20T14:33:25Z Tracking Issue: Make test suite pass on alpine --> https://github.com/astral-sh/uv/issues/1753 (konstin)
2024-02-20T14:13:40Z Installer doesn't work on alpine/musl --> https://github.com/nextest-rs/nextest/issues/1326 (konstin)
2024-02-20T07:33:37Z Support other attributes --> https://github.com/przemoc/metastore/issues/66 (data-man)
2024-02-20T06:52:37Z Provide Statically Compiled Binaries for (aarch64|arm64) Linux --> https://github.com/BurntSushi/ripgrep/issues/2739 (Azathothas)
2024-02-20T06:40:44Z Provide Statically Compiled Binaries for (aarch64|arm64) Linux --> https://github.com/denisidoro/navi/issues/883 (Azathothas)
2024-02-20T05:37:40Z Provide Statically Compiled Binaries for (aarch64|arm64) Linux --> https://github.com/sharkdp/hyperfine/issues/723 (Azathothas)
2024-02-20T05:30:45Z Provide Statically Compiled Binaries for (aarch64|arm64) Linux --> https://github.com/sharkdp/hexyl/issues/217 (Azathothas)
2024-02-20T05:23:50Z feat:  Provide Statically Compiled Binaries for (aarch64|arm64) Linux --> https://github.com/eza-community/eza/issues/850 (Azathothas)
2024-02-20T05:10:39Z Provide Statically Compiled Binaries for (aarch64|arm64) Linux --> https://github.com/sharkdp/bat/issues/2863 (Azathothas)
2024-02-20T05:00:59Z Provide Statically Compiled Binaries for (aarch64|arm64) Linux --> https://github.com/atuinsh/atuin/issues/1738 (Azathothas)
2024-02-20T03:23:58Z Unable to utilise for AWS Lambda --> https://github.com/lightsparkdev/go-sdk/issues/66 (N4r35h)
2024-02-20T03:19:37Z 0.13.0 nativeCompile failing, unable to find index.json --> https://github.com/AsamK/signal-cli/issues/1464 (slithernix)
2024-02-19T23:32:03Z Setup a Basic CD pipeline in GH Actions to new releases --> https://github.com/talis-fb/TReq/issues/28 (talis-fb)
2024-02-19T16:53:20Z [FLI-856] Support Alpine/Musl --> https://github.com/flipt-io/flipt-client-sdks/issues/141 (markphelps)
2024-02-19T16:01:20Z not big endian safe --> https://github.com/ggerganov/whisper.cpp/issues/1877 (maribu)
2024-02-19T15:51:04Z Improve development experience --> https://github.com/webinstall/webi-installers/issues/813 (virzak)
2024-02-19T08:27:22Z wrong sha256sum for v0.39.2 x86_64 linux --> https://github.com/zellij-org/zellij/issues/3149 (aborrero)
2024-02-18T20:26:59Z libunwind is compiled even with panic_immediate_abort --> https://github.com/tokio-rs/tokio/issues/6358 (yuki0iq)
2024-02-18T14:16:18Z [llvm-objcopy] seems to fail to add a gnu-debuglink on Go ld-output binaries on ppc64le --> https://github.com/llvm/llvm-project/issues/82170 (nekopsykose)
2024-02-17T20:48:06Z -mcpu= -mfix-cortex-a53-835769 -mfix-cortex-a53-843419 on M2 --> https://github.com/hartwork/resolve-march-native/issues/136 (stintel)
2024-02-17T16:14:42Z Version 3.4.0 feedback --> https://github.com/yichya/luci-app-xray/issues/388 (yichya)
2024-02-16T16:14:31Z Build error when execute make command in ubuntu 18.04 --> https://github.com/simbake/Openwrt-21.02-TL-WR840N-6.2/issues/5 (Lewrin1)
2024-02-15T22:53:08Z Problem: We don't know about broken links until we stumble across them --> https://github.com/jetstream-cloud/js2docs/issues/80 (julianpistorius)
2024-02-15T22:32:31Z [BUG] failing to load ROCm-SMI shared library --> https://github.com/aristocratos/btop/issues/774 (Calandracas606)
2024-02-15T08:06:56Z Compilation error --> https://github.com/BPI-SINOVOIP/BPI-R4-MT76-OPENWRT-V21.02/issues/1 (RafalB82)
2024-02-14T11:33:48Z Compiling History: A brief tour of C compilers --> https://github.com/guevara/read-it-later/issues/10878 (guevara)
2024-02-14T10:23:30Z Rust example fails to build with error: `no targets selected to build` --> https://github.com/unikraft/catalog/issues/57 (turbinenreiter)
2024-02-14T09:45:19Z Segfault at if '\<letter>' entered inside string & if compiled with musl-gcc (a proposed fix is also included) --> https://github.com/antirez/kilo/issues/94 (nglibc)
2024-02-14T08:24:17Z Some symbols are not found on alpine linux. --> https://github.com/flacjacket/pywayland/issues/53 (ahmadraniri1994)
2024-02-14T06:23:40Z When odhcpd receives a DHCPv6 client request it calls external /usr/bin/basename binary --> https://github.com/openwrt/odhcpd/issues/214 (Konstantin-Glukhov)
2024-02-14T00:58:05Z error: unable to start build process --> https://github.com/NixOS/nix/issues/10012 (dank8)
2024-02-13T22:21:36Z cbmem -L broken under coreboot 4.21+ --> https://github.com/linuxboot/heads/issues/1608 (tlaurion)
2024-02-13T19:26:18Z Multiple compilation errors (and warnings!) --> https://github.com/DGoldDragon28/Unangband/issues/65 (Sod-Almighty)
2024-02-13T18:13:08Z Canâ€™t neither use nor compile static readline library --> https://github.com/NixOS/nixpkgs/issues/288624 (neodix42)
2024-02-13T15:18:56Z @swc-node/register â€” Files are not transpiled on Windows with tsconfig.json present --> https://github.com/swc-project/swc/issues/8639 (fire332)
2024-02-13T15:14:00Z Feature/Discus request regarding canadian-cross compiling the toolchain --> https://github.com/firasuke/mussel/issues/27 (BlackDex)
2024-02-13T13:50:41Z rpcsvc-proto: compile failure --> https://github.com/openwrt/packages/issues/23399 (oskarirauta)
2024-02-13T11:24:00Z Unresolved `mise` when doing rubygems update in Dockerfile --> https://github.com/jdx/mise/issues/1663 (DmitryPogrebnoy)
2024-02-13T10:38:04Z Goose hangs in the exiting phase --> https://github.com/tag1consulting/goose/issues/582 (lvn-ruby-dragon)
2024-02-12T23:35:51Z Request for musl binary --> https://github.com/Yamato-Security/takajo/issues/109 (mpilking)
2024-02-12T21:12:55Z Static feature flag doesn't actually work --> https://github.com/archlinux/alpm.rs/issues/38 (VorpalBlade)
2024-02-12T18:02:28Z Remove localhost from fluvio in favor of 127.0.0.1 --> https://github.com/infinyon/fluvio/issues/3866 (digikata)
2024-02-11T23:25:15Z --target x86_64-linux-musl binaries do not run --> https://github.com/actonlang/acton/issues/1681 (plajjan)
2024-02-11T00:24:44Z ARM Compiler issue in list.cc (__list_internal.h) with -Werror flag --> https://github.com/msune/libcdada/issues/14 (Konstantin-Glukhov)
2024-02-10T23:45:54Z  Maridb compilation error prompt,  Need to downgrade libfmt library to the previous available version --> https://github.com/openwrt/openwrt/issues/14598 (happybigeyes)
2024-02-10T19:39:02Z Shuts down in podman when there is no activity for some time.  --> https://github.com/flcontainers/guacamole/issues/111 (RustyRaptor)
2024-02-10T17:56:41Z musl libc --> https://github.com/openmoh/openmohaa/issues/201 (ysdragon)
2024-02-10T04:13:55Z as error: unrecognised option --64 installing m68k toolchain --> https://github.com/yosshin4004/xdev68k/issues/9 (AetherPrior)
2024-02-10T01:33:55Z Android: mmap issue --> https://github.com/jart/blink/issues/165 (truboxl)
2024-02-10T00:31:49Z Profile-Guided Optimization (PGO) benchmarks --> https://github.com/awslabs/llrt/issues/117 (zamazan4ik)
2024-02-10T00:27:03Z Doc: How to install Dash Drive --> https://github.com/dashpay/platform/issues/1696 (coolaj86)
2024-02-09T22:32:56Z [GR-52220] Support for Cosmopolitan Libc --> https://github.com/oracle/graal/issues/8350 (sgammon)
2024-02-09T05:17:08Z zig stuck at llvm emit object on riscv64-linux sifive_u74 --> https://github.com/ziglang/zig/issues/18872 (RossComputerGuy)
2024-02-09T01:16:43Z Possible miscompilation with gcc version 10.3.0 (20210408, IBM 10.3.0-12) (IBM i) on PASE for IBM i 7.5 --> https://github.com/IBM/ibmi-oss-issues/issues/54 (johnsonjh)
2024-02-08T17:08:55Z Getting problem installing nix --> https://github.com/NixOS/nix/issues/9970 (evelynli-12)
2024-02-08T16:14:54Z ç ”ç©¶ç”¨ã®Devdockerã‚’ä½œã‚‹ --> https://github.com/Tiamat-KIT/ResearchDevcontainer/issues/1 (Tiamat-KIT)
2024-02-08T15:06:46Z problems compiling --> https://github.com/InjectiveLabs/injective-price-oracle/issues/12 (joequant)
2024-02-08T11:30:43Z Alpine/Musl with Pact Rust based core, in Pact client libraries --> https://github.com/pact-foundation/roadmap/issues/30 (YOU54F)
2024-02-08T10:41:04Z ä½¿ç”¨SDKè¿›è¡Œç¼–è¯‘çš„æ—¶å€™ï¼Œæ€»æ˜¯å‡ºé”™ï¼Œæ— æ³•æ­£å¸¸make menuconfig --> https://github.com/x-wrt/x-wrt/issues/371 (somebird)
2024-02-08T08:37:00Z could not be installed --> https://github.com/gemini86/node-red-contrib-chart-image/issues/27 (iso-lib)
2024-02-08T08:18:55Z gnç¼–è¯‘è¿˜æ˜¯æŠ¥é”™ --> https://github.com/fw876/helloworld/issues/1399 (love-dy)
2024-02-08T06:39:43Z Setup failed for custom integration 'norwegiantide': Requirements for norwegiantide not found: ['matplotlib>=3.3.3']. --> https://github.com/tmjo/ha-norwegiantide/issues/8 (Howard0000)
2024-02-07T21:22:20Z Invalid configuration with HA 2024.2 --> https://github.com/jugla/worldtidesinfocustom/issues/26 (ronschaeffer)
2024-02-07T21:20:50Z "Entity not available: camera.skyfield" after update to HA 2024.2.0 --> https://github.com/partofthething/ha_skyfield/issues/24 (rzantengmail)
2024-02-07T18:57:17Z LDC-src Build: does not build with libcxx-abi --> https://github.com/ldc-developers/ldc/issues/4576 (kassane)
2024-02-07T17:38:14Z Unable to install hakatime --> https://github.com/mujx/hakatime/issues/92 (BreizhHardware)
2024-02-07T13:01:45Z python-lightä¾èµ–æ— æ³•å®‰è£… --> https://github.com/kotori2/luci-app-jlu-drcom/issues/2 (DSYZayn)
2024-02-07T11:26:19Z Could not install node-red-contrib-smartmeter in Docker --> https://github.com/coolchip/node-red-contrib-smartmeter/issues/63 (1einmal1)
2024-02-07T08:49:10Z Error building docker  --> https://github.com/ethan605/aws-vpn-client/issues/4 (totogtr)
2024-02-07T01:34:33Z Musl build fails due to a a missing `_SC_LEVEL1_DCACHE_LINESIZE`. --> https://github.com/PixarAnimationStudios/OpenUSD/issues/2939 (expenses)
2024-02-06T22:56:40Z An error has occurred and this action cannot be completed. when logging ind --> https://github.com/flcontainers/guacamole/issues/109 (LarsBorris)
2024-02-06T22:51:41Z Android Support --> https://github.com/JonMagon/KDiskMark/issues/142 (mokurin000)
2024-02-06T20:45:12Z Fails to read creation time for exited sessions on musl libc --> https://github.com/zellij-org/zellij/issues/3114 (pedromfedricci)
2024-02-06T19:26:05Z gpapi.googleplay.LoginError: 'server says: BadAuthentication' --> https://github.com/NoMore201/googleplay-api/issues/179 (allaf2)
2024-02-06T15:55:51Z `Error: Cannot find module ... at createEsmNotFoundErr (node:internal/modules/cjs/loader:1181:15)` --> https://github.com/prisma/prisma/issues/22979 (x-etienne)
2024-02-06T06:46:55Z sentry-cli >= 2.21.3 does not work with rootless docker --> https://github.com/getsentry/sentry-cli/issues/1929 (Snack-X)
2024-02-06T01:57:04Z META: Hatch documentation upgrade --> https://github.com/pypa/hatch/issues/1245 (lwasser)
2024-02-06T00:59:19Z Can't install bcrypt (Windows 11 , latest vscode , latest stable node version ,)  --> https://github.com/kelektiv/node.bcrypt.js/issues/1025 (shahoud)
2024-02-05T23:57:15Z determine why musl binaries are much slower than glibc binaries especially when threading is used --> https://github.com/pkgcraft/pkgcraft/issues/179 (radhermit)
2024-02-05T18:22:31Z build fails on aarch64 --> https://github.com/simpleiot/simpleiot/issues/691 (kraj)
2024-02-05T01:10:24Z Error "cannot find -lunwind" when compiling static `mips-unknown-linux-musl`  --> https://github.com/rust-lang/rust/issues/120655 (wcampbell0x2a)
2024-02-04T15:16:37Z shadow-tlsç¼–è¯‘å¤±è´¥ --> https://github.com/fw876/helloworld/issues/1398 (MIAOBUSI)
2024-02-04T01:19:57Z Hiring Challenge: Smallest golang Websocket Client --> https://github.com/guevara/read-it-later/issues/10781 (guevara)
2024-02-04T00:34:43Z Configure `features` per target platform --> https://github.com/axodotdev/cargo-dist/issues/772 (frol)
2024-02-03T17:29:33Z may need `#pragma GCC optimize ("no-devirtualize")` before including headers to avoid undefined references --> https://github.com/Linaro/vixl/issues/88 (Mis012)
2024-02-03T14:14:59Z Alpine image not auto-detected on Action --> https://github.com/codecov/codecov-action/issues/1262 (mvorisek)
2024-02-03T10:00:28Z AVM Fritz!Box 7430 bad performance --> https://github.com/openwrt/openwrt/issues/14545 (Snowiiii)
2024-02-02T18:52:18Z ath10k: 5 GHz radio not detected. --> https://github.com/openwrt/openwrt/issues/14541 (castillofrancodamian)
2024-02-02T16:28:01Z `eq_op` lint in clippy is confusing for floats --> https://github.com/rust-lang/rust-clippy/issues/12222 (Takashiidobe)
2024-02-02T15:29:07Z Bundled build error on Windows --> https://github.com/TryGhost/node-sqlite3/issues/1758 (damms005)
2024-02-02T13:00:29Z Provide legacy server when remote requirements fail --> https://github.com/VSCodeTriageBot/testissues/issues/38524 (VSCodeTriageBot)
2024-02-01T21:11:39Z Segfault in `node:alpine-18` Docker Container --> https://github.com/xenova/transformers.js/issues/555 (Marviel)
2024-02-01T20:46:44Z Matplotlib not installed in HA 2024.2.X --> https://github.com/Danielhiversen/home_assistant_tibber_custom/issues/53 (LEJOUI)
2024-02-01T19:01:37Z Use `cargo-deny` to prevent duplicate dependencies --> https://github.com/AccessKit/accesskit/issues/349 (emilk)
2024-02-01T13:33:27Z alpine linux package ? --> https://github.com/gm-vm/openfortivpn-webview/issues/22 (caywin25)
2024-01-31T21:01:02Z Add ability to trigger new builds of specific recipes --> https://github.com/nodejs/unofficial-builds/issues/114 (rvagg)
2024-01-31T19:38:36Z Big compile time regression for Hexagon Linux kernel build after commit 90ba33099c --> https://github.com/llvm/llvm-project/issues/80185 (nathanchance)
2024-01-31T19:15:05Z Build fail on musl --> https://github.com/RealNeGate/Cuik/issues/36 (ProkopRandacek)
2024-01-31T15:28:23Z download-latest.sh: return an error when the musl C library is present on the machine --> https://github.com/meilisearch/meilisearch/issues/4379 (curquiza)
2024-01-30T23:24:01Z Issue using gocv 0.35.0 in combination with opencv 4.8.1 in docker --> https://github.com/hybridgroup/gocv/issues/1147 (tojaroslaw)
2024-01-30T22:18:28Z [NativeAOT] linux-arm bring up --> https://github.com/dotnet/runtime/issues/97729 (filipnavara)
2024-01-30T16:25:52Z Package for Linux aarch64 --> https://github.com/JabRef/jabref/issues/10842 (axiopaladin)
2024-01-30T13:14:06Z Certain Native image artifacts are not copied to run image --> https://github.com/paketo-buildpacks/native-image/issues/308 (tabiStein)
2024-01-29T16:48:29Z `-o=.`: `open $HOME/.local/share/docker/overlay2/066f6../work/work: permission denied` --> https://github.com/docker/buildx/issues/2219 (fenollp)
2024-01-28T19:22:02Z dqy: A DNS query tool --> https://github.com/ogham/dog/issues/127 (dandyvica)
2024-01-27T16:55:44Z RFE: Split CLI, Agent, Proxy, and Server binaries --> https://github.com/openbao/openbao/issues/73 (cipherboy)
2024-01-27T13:39:29Z API server Dockerfile build issue --> https://github.com/pingcap/ossinsight/issues/1722 (karanveersingh5623)
2024-01-26T13:41:16Z Rustc crash while generating aarch64 code with inline asm. Maybe an LLVM problem. --> https://github.com/rust-lang/rust/issues/120374 (kali)
2024-01-26T04:52:28Z Support termux --> https://github.com/ire4ever1190/choosenim/issues/11 (ire4ever1190)
2024-01-25T22:54:38Z Tests can't find libjanet on NixOS --> https://github.com/janet-lang/jpm/issues/88 (na-sa-do)
2024-01-25T08:02:34Z loongarch64-linux-gnu --> https://github.com/ziglang/zig-bootstrap/issues/166 (yxd-ym)
2024-01-24T15:56:05Z Cannot install on distros where package repos don't include GLIBC 2.38 --> https://github.com/zellij-org/zellij/issues/3085 (clement-or)
2024-01-22T22:01:23Z grafana-server segfaults because the stack used by Cgo is too small --> https://github.com/moxious/triage/issues/217 (tonypowa)
2024-01-20T21:49:27Z musl binary size concerns --> https://github.com/pypdfium2-team/pypdfium2/issues/291 (mara004)
2024-01-19T14:20:38Z Binary for alpine linux --> https://github.com/aws/rolesanywhere-credential-helper/issues/62 (Breee)
2024-01-19T13:55:05Z love.system.getArch() proposal --> https://github.com/love2d/love/issues/2008 (tpimh)
2024-01-17T21:00:25Z Document and perform benchmarks --> https://github.com/dunglas/frankenphp/issues/481 (withinboredom)
2024-01-17T19:01:35Z Add Support for Termux arch: armv8l --> https://github.com/Exafunction/codeium/issues/33 (TralahM)
2024-01-17T15:28:17Z arm64 musl modules that are cross-built by prebuildify are not recognized --> https://github.com/telepilotco/tdl/issues/2 (sergk8)
2024-01-15T04:26:22Z Failed to download registry archive on alpine linux --> https://github.com/williamboman/mason.nvim/issues/1601 (cnt0)
2024-01-14T14:30:41Z Fedora: version `GLIBC_2.34' not found --> https://github.com/CRaC/example-lambda/issues/4 (jankratochvil)
2024-01-13T19:08:36Z Cannot cross-compile (with solution) --> https://github.com/rclone/rclone/issues/7560 (eschnett)
